This is pdfTeX, Version 3.14159265-2.6-1.40.20 (TeX Live 2019/Debian) (preloaded format=pdflatex 2021.9.21)  25 AUG 2022 19:12
entering extended mode
 restricted \write18 enabled.
 %&-line parsing enabled.
**soutenance.tex 7
(./soutenance.tex
LaTeX2e <2020-02-02> patch level 2
L3 programming layer <2020-02-14>
(/usr/share/texlive/texmf-dist/tex/latex/beamer/beamer.cls
Document Class: beamer 2019/09/29 v3.57 A class for typesetting presentations
(/usr/share/texlive/texmf-dist/tex/latex/beamer/beamerbasemodes.sty
(/usr/share/texlive/texmf-dist/tex/latex/etoolbox/etoolbox.sty
Package: etoolbox 2019/09/21 v2.5h e-TeX tools for LaTeX (JAW)
\etb@tempcnta=\count167
)
\beamer@tempbox=\box45
\beamer@tempcount=\count168
\c@beamerpauses=\count169

(/usr/share/texlive/texmf-dist/tex/latex/beamer/beamerbasedecode.sty
\beamer@slideinframe=\count170
\beamer@minimum=\count171
\beamer@decode@box=\box46
)
\beamer@commentbox=\box47
\beamer@modecount=\count172
)
(/usr/share/texlive/texmf-dist/tex/generic/iftex/ifpdf.sty
Package: ifpdf 2019/10/25 v3.4 ifpdf legacy package. Use iftex instead.

(/usr/share/texlive/texmf-dist/tex/generic/iftex/iftex.sty
Package: iftex 2019/11/07 v1.0c TeX engine tests
))
\headdp=\dimen134
\footheight=\dimen135
\sidebarheight=\dimen136
\beamer@tempdim=\dimen137
\beamer@finalheight=\dimen138
\beamer@animht=\dimen139
\beamer@animdp=\dimen140
\beamer@animwd=\dimen141
\beamer@leftmargin=\dimen142
\beamer@rightmargin=\dimen143
\beamer@leftsidebar=\dimen144
\beamer@rightsidebar=\dimen145
\beamer@boxsize=\dimen146
\beamer@vboxoffset=\dimen147
\beamer@descdefault=\dimen148
\beamer@descriptionwidth=\dimen149
\beamer@lastskip=\skip47
\beamer@areabox=\box48
\beamer@animcurrent=\box49
\beamer@animshowbox=\box50
\beamer@sectionbox=\box51
\beamer@logobox=\box52
\beamer@linebox=\box53
\beamer@sectioncount=\count173
\beamer@subsubsectionmax=\count174
\beamer@subsectionmax=\count175
\beamer@sectionmax=\count176
\beamer@totalheads=\count177
\beamer@headcounter=\count178
\beamer@partstartpage=\count179
\beamer@sectionstartpage=\count180
\beamer@subsectionstartpage=\count181
\beamer@animationtempa=\count182
\beamer@animationtempb=\count183
\beamer@xpos=\count184
\beamer@ypos=\count185
\beamer@ypos@offset=\count186
\beamer@showpartnumber=\count187
\beamer@currentsubsection=\count188
\beamer@coveringdepth=\count189
\beamer@sectionadjust=\count190
\beamer@tocsectionnumber=\count191

(/usr/share/texlive/texmf-dist/tex/latex/beamer/beamerbaseoptions.sty
(/usr/share/texlive/texmf-dist/tex/latex/graphics/keyval.sty
Package: keyval 2014/10/28 v1.15 key=value parser (DPC)
\KV@toks@=\toks14
))
\beamer@paperwidth=\skip48
\beamer@paperheight=\skip49

(/usr/share/texlive/texmf-dist/tex/latex/geometry/geometry.sty
Package: geometry 2020/01/02 v5.9 Page Geometry

(/usr/share/texlive/texmf-dist/tex/generic/iftex/ifvtex.sty
Package: ifvtex 2019/10/25 v1.7 ifvtex legacy package. Use iftex instead.
)
\Gm@cnth=\count192
\Gm@cntv=\count193
\c@Gm@tempcnt=\count194
\Gm@bindingoffset=\dimen150
\Gm@wd@mp=\dimen151
\Gm@odd@mp=\dimen152
\Gm@even@mp=\dimen153
\Gm@layoutwidth=\dimen154
\Gm@layoutheight=\dimen155
\Gm@layouthoffset=\dimen156
\Gm@layoutvoffset=\dimen157
\Gm@dimlist=\toks15
)
(/usr/share/texlive/texmf-dist/tex/latex/base/size11.clo
File: size11.clo 2019/12/20 v1.4l Standard LaTeX file (size option)
)
(/usr/share/texlive/texmf-dist/tex/latex/pgf/basiclayer/pgfcore.sty
(/usr/share/texlive/texmf-dist/tex/latex/graphics/graphicx.sty
Package: graphicx 2019/11/30 v1.2a Enhanced LaTeX Graphics (DPC,SPQR)

(/usr/share/texlive/texmf-dist/tex/latex/graphics/graphics.sty
Package: graphics 2019/11/30 v1.4a Standard LaTeX Graphics (DPC,SPQR)

(/usr/share/texlive/texmf-dist/tex/latex/graphics/trig.sty
Package: trig 2016/01/03 v1.10 sin cos tan (DPC)
)
(/usr/share/texlive/texmf-dist/tex/latex/graphics-cfg/graphics.cfg
File: graphics.cfg 2016/06/04 v1.11 sample graphics configuration
)
Package graphics Info: Driver file: pdftex.def on input line 105.

(/usr/share/texlive/texmf-dist/tex/latex/graphics-def/pdftex.def
File: pdftex.def 2018/01/08 v1.0l Graphics/color driver for pdftex
))
\Gin@req@height=\dimen158
\Gin@req@width=\dimen159
)
(/usr/share/texlive/texmf-dist/tex/latex/pgf/systemlayer/pgfsys.sty
(/usr/share/texlive/texmf-dist/tex/latex/pgf/utilities/pgfrcs.sty
(/usr/share/texlive/texmf-dist/tex/generic/pgf/utilities/pgfutil-common.tex
\pgfutil@everybye=\toks16
\pgfutil@tempdima=\dimen160
\pgfutil@tempdimb=\dimen161

(/usr/share/texlive/texmf-dist/tex/generic/pgf/utilities/pgfutil-common-lists.t
ex)) (/usr/share/texlive/texmf-dist/tex/generic/pgf/utilities/pgfutil-latex.def
\pgfutil@abb=\box54
(/usr/share/texlive/texmf-dist/tex/latex/ms/everyshi.sty
Package: everyshi 2001/05/15 v3.00 EveryShipout Package (MS)
))
(/usr/share/texlive/texmf-dist/tex/generic/pgf/utilities/pgfrcs.code.tex
(/usr/share/texlive/texmf-dist/tex/generic/pgf/pgf.revision.tex)
Package: pgfrcs 2020/01/08 v3.1.5b (3.1.5b)
))
(/usr/share/texlive/texmf-dist/tex/generic/pgf/systemlayer/pgfsys.code.tex
Package: pgfsys 2020/01/08 v3.1.5b (3.1.5b)

(/usr/share/texlive/texmf-dist/tex/generic/pgf/utilities/pgfkeys.code.tex
\pgfkeys@pathtoks=\toks17
\pgfkeys@temptoks=\toks18

(/usr/share/texlive/texmf-dist/tex/generic/pgf/utilities/pgfkeysfiltered.code.t
ex
\pgfkeys@tmptoks=\toks19
))
\pgf@x=\dimen162
\pgf@y=\dimen163
\pgf@xa=\dimen164
\pgf@ya=\dimen165
\pgf@xb=\dimen166
\pgf@yb=\dimen167
\pgf@xc=\dimen168
\pgf@yc=\dimen169
\pgf@xd=\dimen170
\pgf@yd=\dimen171
\w@pgf@writea=\write3
\r@pgf@reada=\read2
\c@pgf@counta=\count195
\c@pgf@countb=\count196
\c@pgf@countc=\count197
\c@pgf@countd=\count198
\t@pgf@toka=\toks20
\t@pgf@tokb=\toks21
\t@pgf@tokc=\toks22
\pgf@sys@id@count=\count199
 (/usr/share/texlive/texmf-dist/tex/generic/pgf/systemlayer/pgf.cfg
File: pgf.cfg 2020/01/08 v3.1.5b (3.1.5b)
)
Driver file for pgf: pgfsys-pdftex.def

(/usr/share/texlive/texmf-dist/tex/generic/pgf/systemlayer/pgfsys-pdftex.def
File: pgfsys-pdftex.def 2020/01/08 v3.1.5b (3.1.5b)

(/usr/share/texlive/texmf-dist/tex/generic/pgf/systemlayer/pgfsys-common-pdf.de
f
File: pgfsys-common-pdf.def 2020/01/08 v3.1.5b (3.1.5b)
)))
(/usr/share/texlive/texmf-dist/tex/generic/pgf/systemlayer/pgfsyssoftpath.code.
tex
File: pgfsyssoftpath.code.tex 2020/01/08 v3.1.5b (3.1.5b)
\pgfsyssoftpath@smallbuffer@items=\count266
\pgfsyssoftpath@bigbuffer@items=\count267
)
(/usr/share/texlive/texmf-dist/tex/generic/pgf/systemlayer/pgfsysprotocol.code.
tex
File: pgfsysprotocol.code.tex 2020/01/08 v3.1.5b (3.1.5b)
)) (/usr/share/texlive/texmf-dist/tex/latex/xcolor/xcolor.sty
Package: xcolor 2016/05/11 v2.12 LaTeX color extensions (UK)

(/usr/share/texlive/texmf-dist/tex/latex/graphics-cfg/color.cfg
File: color.cfg 2016/01/02 v1.6 sample color configuration
)
Package xcolor Info: Driver file: pdftex.def on input line 225.
Package xcolor Info: Model `cmy' substituted by `cmy0' on input line 1348.
Package xcolor Info: Model `hsb' substituted by `rgb' on input line 1352.
Package xcolor Info: Model `RGB' extended on input line 1364.
Package xcolor Info: Model `HTML' substituted by `rgb' on input line 1366.
Package xcolor Info: Model `Hsb' substituted by `hsb' on input line 1367.
Package xcolor Info: Model `tHsb' substituted by `hsb' on input line 1368.
Package xcolor Info: Model `HSB' substituted by `hsb' on input line 1369.
Package xcolor Info: Model `Gray' substituted by `gray' on input line 1370.
Package xcolor Info: Model `wave' substituted by `hsb' on input line 1371.
)
(/usr/share/texlive/texmf-dist/tex/generic/pgf/basiclayer/pgfcore.code.tex
Package: pgfcore 2020/01/08 v3.1.5b (3.1.5b)

(/usr/share/texlive/texmf-dist/tex/generic/pgf/math/pgfmath.code.tex
(/usr/share/texlive/texmf-dist/tex/generic/pgf/math/pgfmathcalc.code.tex
(/usr/share/texlive/texmf-dist/tex/generic/pgf/math/pgfmathutil.code.tex)
(/usr/share/texlive/texmf-dist/tex/generic/pgf/math/pgfmathparser.code.tex
\pgfmath@dimen=\dimen172
\pgfmath@count=\count268
\pgfmath@box=\box55
\pgfmath@toks=\toks23
\pgfmath@stack@operand=\toks24
\pgfmath@stack@operation=\toks25
)
(/usr/share/texlive/texmf-dist/tex/generic/pgf/math/pgfmathfunctions.code.tex
(/usr/share/texlive/texmf-dist/tex/generic/pgf/math/pgfmathfunctions.basic.code
.tex)
(/usr/share/texlive/texmf-dist/tex/generic/pgf/math/pgfmathfunctions.trigonomet
ric.code.tex)
(/usr/share/texlive/texmf-dist/tex/generic/pgf/math/pgfmathfunctions.random.cod
e.tex)
(/usr/share/texlive/texmf-dist/tex/generic/pgf/math/pgfmathfunctions.comparison
.code.tex)
(/usr/share/texlive/texmf-dist/tex/generic/pgf/math/pgfmathfunctions.base.code.
tex)
(/usr/share/texlive/texmf-dist/tex/generic/pgf/math/pgfmathfunctions.round.code
.tex)
(/usr/share/texlive/texmf-dist/tex/generic/pgf/math/pgfmathfunctions.misc.code.
tex)
(/usr/share/texlive/texmf-dist/tex/generic/pgf/math/pgfmathfunctions.integerari
thmetics.code.tex)))
(/usr/share/texlive/texmf-dist/tex/generic/pgf/math/pgfmathfloat.code.tex
\c@pgfmathroundto@lastzeros=\count269
))
(/usr/share/texlive/texmf-dist/tex/generic/pgf/math/pgfint.code.tex)
(/usr/share/texlive/texmf-dist/tex/generic/pgf/basiclayer/pgfcorepoints.code.te
x
File: pgfcorepoints.code.tex 2020/01/08 v3.1.5b (3.1.5b)
\pgf@picminx=\dimen173
\pgf@picmaxx=\dimen174
\pgf@picminy=\dimen175
\pgf@picmaxy=\dimen176
\pgf@pathminx=\dimen177
\pgf@pathmaxx=\dimen178
\pgf@pathminy=\dimen179
\pgf@pathmaxy=\dimen180
\pgf@xx=\dimen181
\pgf@xy=\dimen182
\pgf@yx=\dimen183
\pgf@yy=\dimen184
\pgf@zx=\dimen185
\pgf@zy=\dimen186
)
(/usr/share/texlive/texmf-dist/tex/generic/pgf/basiclayer/pgfcorepathconstruct.
code.tex
File: pgfcorepathconstruct.code.tex 2020/01/08 v3.1.5b (3.1.5b)
\pgf@path@lastx=\dimen187
\pgf@path@lasty=\dimen188
)
(/usr/share/texlive/texmf-dist/tex/generic/pgf/basiclayer/pgfcorepathusage.code
.tex
File: pgfcorepathusage.code.tex 2020/01/08 v3.1.5b (3.1.5b)
\pgf@shorten@end@additional=\dimen189
\pgf@shorten@start@additional=\dimen190
)
(/usr/share/texlive/texmf-dist/tex/generic/pgf/basiclayer/pgfcorescopes.code.te
x
File: pgfcorescopes.code.tex 2020/01/08 v3.1.5b (3.1.5b)
\pgfpic=\box56
\pgf@hbox=\box57
\pgf@layerbox@main=\box58
\pgf@picture@serial@count=\count270
)
(/usr/share/texlive/texmf-dist/tex/generic/pgf/basiclayer/pgfcoregraphicstate.c
ode.tex
File: pgfcoregraphicstate.code.tex 2020/01/08 v3.1.5b (3.1.5b)
\pgflinewidth=\dimen191
)
(/usr/share/texlive/texmf-dist/tex/generic/pgf/basiclayer/pgfcoretransformation
s.code.tex
File: pgfcoretransformations.code.tex 2020/01/08 v3.1.5b (3.1.5b)
\pgf@pt@x=\dimen192
\pgf@pt@y=\dimen193
\pgf@pt@temp=\dimen194
)
(/usr/share/texlive/texmf-dist/tex/generic/pgf/basiclayer/pgfcorequick.code.tex
File: pgfcorequick.code.tex 2020/01/08 v3.1.5b (3.1.5b)
)
(/usr/share/texlive/texmf-dist/tex/generic/pgf/basiclayer/pgfcoreobjects.code.t
ex
File: pgfcoreobjects.code.tex 2020/01/08 v3.1.5b (3.1.5b)
)
(/usr/share/texlive/texmf-dist/tex/generic/pgf/basiclayer/pgfcorepathprocessing
.code.tex
File: pgfcorepathprocessing.code.tex 2020/01/08 v3.1.5b (3.1.5b)
)
(/usr/share/texlive/texmf-dist/tex/generic/pgf/basiclayer/pgfcorearrows.code.te
x
File: pgfcorearrows.code.tex 2020/01/08 v3.1.5b (3.1.5b)
\pgfarrowsep=\dimen195
)
(/usr/share/texlive/texmf-dist/tex/generic/pgf/basiclayer/pgfcoreshade.code.tex
File: pgfcoreshade.code.tex 2020/01/08 v3.1.5b (3.1.5b)
\pgf@max=\dimen196
\pgf@sys@shading@range@num=\count271
\pgf@shadingcount=\count272
)
(/usr/share/texlive/texmf-dist/tex/generic/pgf/basiclayer/pgfcoreimage.code.tex
File: pgfcoreimage.code.tex 2020/01/08 v3.1.5b (3.1.5b)

(/usr/share/texlive/texmf-dist/tex/generic/pgf/basiclayer/pgfcoreexternal.code.
tex
File: pgfcoreexternal.code.tex 2020/01/08 v3.1.5b (3.1.5b)
\pgfexternal@startupbox=\box59
))
(/usr/share/texlive/texmf-dist/tex/generic/pgf/basiclayer/pgfcorelayers.code.te
x
File: pgfcorelayers.code.tex 2020/01/08 v3.1.5b (3.1.5b)
)
(/usr/share/texlive/texmf-dist/tex/generic/pgf/basiclayer/pgfcoretransparency.c
ode.tex
File: pgfcoretransparency.code.tex 2020/01/08 v3.1.5b (3.1.5b)
)
(/usr/share/texlive/texmf-dist/tex/generic/pgf/basiclayer/pgfcorepatterns.code.
tex
File: pgfcorepatterns.code.tex 2020/01/08 v3.1.5b (3.1.5b)
)
(/usr/share/texlive/texmf-dist/tex/generic/pgf/basiclayer/pgfcorerdf.code.tex
File: pgfcorerdf.code.tex 2020/01/08 v3.1.5b (3.1.5b)
))) (/usr/share/texlive/texmf-dist/tex/latex/pgf/utilities/xxcolor.sty
Package: xxcolor 2003/10/24 ver 0.1
\XC@nummixins=\count273
\XC@countmixins=\count274
)
(/usr/share/texlive/texmf-dist/tex/generic/atbegshi/atbegshi.sty
Package: atbegshi 2019/12/05 v1.19 At begin shipout hook (HO)

(/usr/share/texlive/texmf-dist/tex/generic/infwarerr/infwarerr.sty
Package: infwarerr 2019/12/03 v1.5 Providing info/warning/error messages (HO)
)
(/usr/share/texlive/texmf-dist/tex/generic/ltxcmds/ltxcmds.sty
Package: ltxcmds 2019/12/15 v1.24 LaTeX kernel commands for general use (HO)
))
(/usr/share/texlive/texmf-dist/tex/latex/hyperref/hyperref.sty
Package: hyperref 2020/01/14 v7.00d Hypertext links for LaTeX

(/usr/share/texlive/texmf-dist/tex/latex/pdftexcmds/pdftexcmds.sty
Package: pdftexcmds 2019/11/24 v0.31 Utility functions of pdfTeX for LuaTeX (HO
)
Package pdftexcmds Info: \pdf@primitive is available.
Package pdftexcmds Info: \pdf@ifprimitive is available.
Package pdftexcmds Info: \pdfdraftmode found.
)
(/usr/share/texlive/texmf-dist/tex/generic/kvsetkeys/kvsetkeys.sty
Package: kvsetkeys 2019/12/15 v1.18 Key value parser (HO)
)
(/usr/share/texlive/texmf-dist/tex/generic/kvdefinekeys/kvdefinekeys.sty
Package: kvdefinekeys 2019-12-19 v1.6 Define keys (HO)
)
(/usr/share/texlive/texmf-dist/tex/generic/pdfescape/pdfescape.sty
Package: pdfescape 2019/12/09 v1.15 Implements pdfTeX's escape features (HO)
)
(/usr/share/texlive/texmf-dist/tex/latex/hycolor/hycolor.sty
Package: hycolor 2020-01-27 v1.10 Color options for hyperref/bookmark (HO)
)
(/usr/share/texlive/texmf-dist/tex/latex/letltxmacro/letltxmacro.sty
Package: letltxmacro 2019/12/03 v1.6 Let assignment for LaTeX macros (HO)
)
(/usr/share/texlive/texmf-dist/tex/latex/auxhook/auxhook.sty
Package: auxhook 2019-12-17 v1.6 Hooks for auxiliary files (HO)
)
(/usr/share/texlive/texmf-dist/tex/latex/kvoptions/kvoptions.sty
Package: kvoptions 2019/11/29 v3.13 Key value format for package options (HO)
)
\@linkdim=\dimen197
\Hy@linkcounter=\count275
\Hy@pagecounter=\count276

(/usr/share/texlive/texmf-dist/tex/latex/hyperref/pd1enc.def
File: pd1enc.def 2020/01/14 v7.00d Hyperref: PDFDocEncoding definition (HO)
Now handling font encoding PD1 ...
... no UTF-8 mapping file for font encoding PD1
)
(/usr/share/texlive/texmf-dist/tex/generic/intcalc/intcalc.sty
Package: intcalc 2019/12/15 v1.3 Expandable calculations with integers (HO)
)
(/usr/share/texlive/texmf-dist/tex/generic/etexcmds/etexcmds.sty
Package: etexcmds 2019/12/15 v1.7 Avoid name clashes with e-TeX commands (HO)
)
\Hy@SavedSpaceFactor=\count277
\pdfmajorversion=\count278
Package hyperref Info: Option `bookmarks' set `true' on input line 4421.
Package hyperref Info: Option `bookmarksopen' set `true' on input line 4421.
Package hyperref Info: Option `implicit' set `false' on input line 4421.
Package hyperref Info: Hyper figures OFF on input line 4547.
Package hyperref Info: Link nesting OFF on input line 4552.
Package hyperref Info: Hyper index ON on input line 4555.
Package hyperref Info: Plain pages OFF on input line 4562.
Package hyperref Info: Backreferencing OFF on input line 4567.
Package hyperref Info: Implicit mode OFF; no redefinition of LaTeX internals.
Package hyperref Info: Bookmarks ON on input line 4800.
\c@Hy@tempcnt=\count279

(/usr/share/texlive/texmf-dist/tex/latex/url/url.sty
\Urlmuskip=\muskip16
Package: url 2013/09/16  ver 3.4  Verb mode for urls, etc.
)
LaTeX Info: Redefining \url on input line 5159.
\XeTeXLinkMargin=\dimen198

(/usr/share/texlive/texmf-dist/tex/generic/bitset/bitset.sty
Package: bitset 2019/12/09 v1.3 Handle bit-vector datatype (HO)

(/usr/share/texlive/texmf-dist/tex/generic/bigintcalc/bigintcalc.sty
Package: bigintcalc 2019/12/15 v1.5 Expandable calculations on big integers (HO
)
))
\Fld@menulength=\count280
\Field@Width=\dimen199
\Fld@charsize=\dimen256
Package hyperref Info: Hyper figures OFF on input line 6430.
Package hyperref Info: Link nesting OFF on input line 6435.
Package hyperref Info: Hyper index ON on input line 6438.
Package hyperref Info: backreferencing OFF on input line 6445.
Package hyperref Info: Link coloring OFF on input line 6450.
Package hyperref Info: Link coloring with OCG OFF on input line 6455.
Package hyperref Info: PDF/A mode OFF on input line 6460.
LaTeX Info: Redefining \ref on input line 6500.
LaTeX Info: Redefining \pageref on input line 6504.
\Hy@abspage=\count281


Package hyperref Message: Stopped early.

)
Package hyperref Info: Driver (autodetected): hpdftex.
 (/usr/share/texlive/texmf-dist/tex/latex/hyperref/hpdftex.def
File: hpdftex.def 2020/01/14 v7.00d Hyperref driver for pdfTeX

(/usr/share/texlive/texmf-dist/tex/latex/atveryend/atveryend.sty
Package: atveryend 2019-12-11 v1.11 Hooks at the very end of document (HO)
)
\Fld@listcount=\count282
\c@bookmark@seq@number=\count283

(/usr/share/texlive/texmf-dist/tex/latex/rerunfilecheck/rerunfilecheck.sty
Package: rerunfilecheck 2019/12/05 v1.9 Rerun checks for auxiliary files (HO)

(/usr/share/texlive/texmf-dist/tex/generic/uniquecounter/uniquecounter.sty
Package: uniquecounter 2019/12/15 v1.4 Provide unlimited unique counter (HO)
)
Package uniquecounter Info: New unique counter `rerunfilecheck' on input line 2
86.
))
(/usr/share/texlive/texmf-dist/tex/latex/beamer/beamerbaserequires.sty
(/usr/share/texlive/texmf-dist/tex/latex/beamer/beamerbasecompatibility.sty)
(/usr/share/texlive/texmf-dist/tex/latex/beamer/beamerbasefont.sty
(/usr/share/texlive/texmf-dist/tex/latex/amsfonts/amssymb.sty
Package: amssymb 2013/01/14 v3.01 AMS font symbols

(/usr/share/texlive/texmf-dist/tex/latex/amsfonts/amsfonts.sty
Package: amsfonts 2013/01/14 v3.01 Basic AMSFonts support
\@emptytoks=\toks26
\symAMSa=\mathgroup4
\symAMSb=\mathgroup5
LaTeX Font Info:    Redeclaring math symbol \hbar on input line 98.
LaTeX Font Info:    Overwriting math alphabet `\mathfrak' in version `bold'
(Font)                  U/euf/m/n --> U/euf/b/n on input line 106.
))
(/usr/share/texlive/texmf-dist/tex/latex/sansmathaccent/sansmathaccent.sty
Package: sansmathaccent 2020/01/31

(/usr/share/texlive/texmf-dist/tex/latex/koma-script/scrlfile.sty
Package: scrlfile 2020/01/24 v3.29 KOMA-Script package (loading files)
)))
(/usr/share/texlive/texmf-dist/tex/latex/beamer/beamerbasetranslator.sty
(/usr/share/texlive/texmf-dist/tex/latex/translator/translator.sty
Package: translator 2019-05-31 v1.12a Easy translation of strings in LaTeX
))
(/usr/share/texlive/texmf-dist/tex/latex/beamer/beamerbasemisc.sty)
(/usr/share/texlive/texmf-dist/tex/latex/beamer/beamerbasetwoscreens.sty)
(/usr/share/texlive/texmf-dist/tex/latex/beamer/beamerbaseoverlay.sty
\beamer@argscount=\count284
\beamer@lastskipcover=\skip50
\beamer@trivlistdepth=\count285
)
(/usr/share/texlive/texmf-dist/tex/latex/beamer/beamerbasetitle.sty)
(/usr/share/texlive/texmf-dist/tex/latex/beamer/beamerbasesection.sty
\c@lecture=\count286
\c@part=\count287
\c@section=\count288
\c@subsection=\count289
\c@subsubsection=\count290
)
(/usr/share/texlive/texmf-dist/tex/latex/beamer/beamerbaseframe.sty
\beamer@framebox=\box60
\beamer@frametitlebox=\box61
\beamer@zoombox=\box62
\beamer@zoomcount=\count291
\beamer@zoomframecount=\count292
\beamer@frametextheight=\dimen257
\c@subsectionslide=\count293
\beamer@frametopskip=\skip51
\beamer@framebottomskip=\skip52
\beamer@frametopskipautobreak=\skip53
\beamer@framebottomskipautobreak=\skip54
\beamer@envbody=\toks27
\framewidth=\dimen258
\c@framenumber=\count294
)
(/usr/share/texlive/texmf-dist/tex/latex/beamer/beamerbaseverbatim.sty
\beamer@verbatimfileout=\write4
)
(/usr/share/texlive/texmf-dist/tex/latex/beamer/beamerbaseframesize.sty
\beamer@splitbox=\box63
\beamer@autobreakcount=\count295
\beamer@autobreaklastheight=\dimen259
\beamer@frametitletoks=\toks28
\beamer@framesubtitletoks=\toks29
)
(/usr/share/texlive/texmf-dist/tex/latex/beamer/beamerbaseframecomponents.sty
\beamer@footins=\box64
)
(/usr/share/texlive/texmf-dist/tex/latex/beamer/beamerbasecolor.sty)
(/usr/share/texlive/texmf-dist/tex/latex/beamer/beamerbasenotes.sty
\beamer@frameboxcopy=\box65
)
(/usr/share/texlive/texmf-dist/tex/latex/beamer/beamerbasetoc.sty)
(/usr/share/texlive/texmf-dist/tex/latex/beamer/beamerbasetemplates.sty
\beamer@sbttoks=\toks30

(/usr/share/texlive/texmf-dist/tex/latex/beamer/beamerbaseauxtemplates.sty
(/usr/share/texlive/texmf-dist/tex/latex/beamer/beamerbaseboxes.sty
\bmb@box=\box66
\bmb@colorbox=\box67
\bmb@boxshadow=\box68
\bmb@boxshadowball=\box69
\bmb@boxshadowballlarge=\box70
\bmb@temp=\dimen260
\bmb@dima=\dimen261
\bmb@dimb=\dimen262
\bmb@prevheight=\dimen263
)
\beamer@blockheadheight=\dimen264
))
(/usr/share/texlive/texmf-dist/tex/latex/beamer/beamerbaselocalstructure.sty
(/usr/share/texlive/texmf-dist/tex/latex/tools/enumerate.sty
Package: enumerate 2015/07/23 v3.00 enumerate extensions (DPC)
\@enLab=\toks31
)
\c@figure=\count296
\c@table=\count297
\abovecaptionskip=\skip55
\belowcaptionskip=\skip56
)
(/usr/share/texlive/texmf-dist/tex/latex/beamer/beamerbasenavigation.sty
\beamer@section@min@dim=\dimen265
)
(/usr/share/texlive/texmf-dist/tex/latex/beamer/beamerbasetheorems.sty
(/usr/share/texlive/texmf-dist/tex/latex/amsmath/amsmath.sty
Package: amsmath 2020/01/20 v2.17e AMS math features
\@mathmargin=\skip57

For additional information on amsmath, use the `?' option.
(/usr/share/texlive/texmf-dist/tex/latex/amsmath/amstext.sty
Package: amstext 2000/06/29 v2.01 AMS text

(/usr/share/texlive/texmf-dist/tex/latex/amsmath/amsgen.sty
File: amsgen.sty 1999/11/30 v2.0 generic functions
\@emptytoks=\toks32
\ex@=\dimen266
))
(/usr/share/texlive/texmf-dist/tex/latex/amsmath/amsbsy.sty
Package: amsbsy 1999/11/29 v1.2d Bold Symbols
\pmbraise@=\dimen267
)
(/usr/share/texlive/texmf-dist/tex/latex/amsmath/amsopn.sty
Package: amsopn 2016/03/08 v2.02 operator names
)
\inf@bad=\count298
LaTeX Info: Redefining \frac on input line 227.
\uproot@=\count299
\leftroot@=\count300
LaTeX Info: Redefining \overline on input line 389.
\classnum@=\count301
\DOTSCASE@=\count302
LaTeX Info: Redefining \ldots on input line 486.
LaTeX Info: Redefining \dots on input line 489.
LaTeX Info: Redefining \cdots on input line 610.
\Mathstrutbox@=\box71
\strutbox@=\box72
\big@size=\dimen268
LaTeX Font Info:    Redeclaring font encoding OML on input line 733.
LaTeX Font Info:    Redeclaring font encoding OMS on input line 734.
\macc@depth=\count303
\c@MaxMatrixCols=\count304
\dotsspace@=\muskip17
\c@parentequation=\count305
\dspbrk@lvl=\count306
\tag@help=\toks33
\row@=\count307
\column@=\count308
\maxfields@=\count309
\andhelp@=\toks34
\eqnshift@=\dimen269
\alignsep@=\dimen270
\tagshift@=\dimen271
\tagwidth@=\dimen272
\totwidth@=\dimen273
\lineht@=\dimen274
\@envbody=\toks35
\multlinegap=\skip58
\multlinetaggap=\skip59
\mathdisplay@stack=\toks36
LaTeX Info: Redefining \[ on input line 2859.
LaTeX Info: Redefining \] on input line 2860.
)
(/usr/share/texlive/texmf-dist/tex/latex/amscls/amsthm.sty
Package: amsthm 2017/10/31 v2.20.4
\thm@style=\toks37
\thm@bodyfont=\toks38
\thm@headfont=\toks39
\thm@notefont=\toks40
\thm@headpunct=\toks41
\thm@preskip=\skip60
\thm@postskip=\skip61
\thm@headsep=\skip62
\dth@everypar=\toks42
)
\c@theorem=\count310
)
(/usr/share/texlive/texmf-dist/tex/latex/beamer/beamerbasethemes.sty))
(/usr/share/texlive/texmf-dist/tex/latex/beamer/beamerthemedefault.sty
(/usr/share/texlive/texmf-dist/tex/latex/beamer/beamerfontthemedefault.sty)
(/usr/share/texlive/texmf-dist/tex/latex/beamer/beamercolorthemedefault.sty)
(/usr/share/texlive/texmf-dist/tex/latex/beamer/beamerinnerthemedefault.sty
\beamer@dima=\dimen275
\beamer@dimb=\dimen276
)
(/usr/share/texlive/texmf-dist/tex/latex/beamer/beamerouterthemedefault.sty)))
(/usr/share/texlive/texmf-dist/tex/latex/fancyhdr/fancyhdr.sty
Package: fancyhdr 2019/01/31 v3.10 Extensive control of page headers and footer
s
\f@nch@headwidth=\skip63
\f@nch@O@elh=\skip64
\f@nch@O@erh=\skip65
\f@nch@O@olh=\skip66
\f@nch@O@orh=\skip67
\f@nch@O@elf=\skip68
\f@nch@O@erf=\skip69
\f@nch@O@olf=\skip70
\f@nch@O@orf=\skip71
)
(/usr/share/texlive/texmf-dist/tex/latex/hyperref/nameref.sty
Package: nameref 2019/09/16 v2.46 Cross-referencing by name of section

(/usr/share/texlive/texmf-dist/tex/latex/refcount/refcount.sty
Package: refcount 2019/12/15 v3.6 Data extraction from label references (HO)
)
(/usr/share/texlive/texmf-dist/tex/generic/gettitlestring/gettitlestring.sty
Package: gettitlestring 2019/12/15 v1.6 Cleanup title references (HO)
)
\c@section@level=\count311
)
(/usr/share/texlive/texmf-dist/tex/latex/footmisc/footmisc.sty
Package: footmisc 2011/06/06 v5.5b a miscellany of footnote facilities
\FN@temptoken=\toks43
\footnotemargin=\dimen277
\c@pp@next@reset=\count312
Package footmisc Info: Declaring symbol style bringhurst on input line 855.
Package footmisc Info: Declaring symbol style chicago on input line 863.
Package footmisc Info: Declaring symbol style wiley on input line 872.
Package footmisc Info: Declaring symbol style lamport-robust on input line 883.

Package footmisc Info: Declaring symbol style lamport* on input line 903.
Package footmisc Info: Declaring symbol style lamport*-robust on input line 924
.
)
(/usr/share/texlive/texmf-dist/tex/latex/minitoc/minitoc.sty
Package: minitoc 2018/07/12 v62 Package minitoc

(/usr/share/texlive/texmf-dist/tex/latex/minitoc/mtcmess.sty
Package: mtcmess 2006/03/14
)
Package minitoc Info: I0001
(minitoc)             *** minitoc package, version 62 ***.
\tf@mtc=\write5
\mtcindent=\skip72
\mtcskipamount=\skip73
Package minitoc Info: I0005
(minitoc)             compatible with hyperref.
Package minitoc Info: I0023
(minitoc)             part level macros available.
Package minitoc Info: I0004
(minitoc)             chapter level macros NOT available.
Package minitoc Info: I0028
(minitoc)             section level macros available.
\mtc@toks=\toks44
\mtc@strutbox=\box73
\mtc@hstrutbox=\box74
Package minitoc Info: I0002
(minitoc)             Autoconfiguration of extensions.
\openout5 = `soutenance.mtc0'.

\openout5 = `soutenance.mtc'.


(./soutenance.mtc0)
Package minitoc Info: I0012
(minitoc)             Long extensions (Unix-like) will be used.
Package minitoc Info: I0031
(minitoc)             ==> this version is configured for UNIX-like 
(minitoc)                 (long extensions) file names.
\openout5 = `soutenance.mtc'.

\openout5 = `soutenance.mtc0'.

\c@ptc=\count313
\c@parttocdepth=\count314
\ptcindent=\skip74
\c@stc=\count315
\c@secttocdepth=\count316
\stcindent=\skip75
Package minitoc Info: I0010
(minitoc)             The english language is selected.
(minitoc)              on input line 4910.

(/usr/share/texlive/texmf-dist/tex/latex/minitoc/english.mld
File: english.mld 2006/01/13
)
(/usr/share/texlive/texmf-dist/tex/latex/minitoc/english.mld
File: english.mld 2006/01/13
))
(/usr/share/texlive/texmf-dist/tex/generic/babel/babel.sty
Package: babel 2020/02/14 3.40 The Babel package

(/usr/share/texlive/texmf-dist/tex/generic/babel/switch.def
File: switch.def 2020/02/14 3.40 Babel switching mechanism
)
(/usr/share/texlive/texmf-dist/tex/generic/babel-french/francais.ldf
Language: francais 2020/01/30 v3.5g French support from the babel system


Package francais.ldf Warning: Option `francais' for Babel is *deprecated*,
(francais.ldf)                it might be removed sooner or later. Please
(francais.ldf)                use `french' instead; reported on input line 31.

(/usr/share/texlive/texmf-dist/tex/generic/babel-french/french.ldf
Language: french 2020/01/30 v3.5g French support from the babel system

(/usr/share/texlive/texmf-dist/tex/generic/babel/babel.def
File: babel.def 2020/02/14 3.40 Babel common definitions
\babel@savecnt=\count317
\U@D=\dimen278

(/usr/share/texlive/texmf-dist/tex/generic/babel/txtbabel.def)
\bbl@readstream=\read3
LaTeX Info: Redefining \textlatin on input line 2319.
\bbl@dirlevel=\count318
)
Package babel Info: \l@acadian = using hyphenrules for french
(babel)             (\language72) on input line 91.
Package babel Info: \l@canadien = using hyphenrules for french
(babel)             (\language72) on input line 92.
\FB@nonchar=\count319
Package babel Info: Making : an active character on input line 419.
Package babel Info: Making ; an active character on input line 420.
Package babel Info: Making ! an active character on input line 421.
Package babel Info: Making ? an active character on input line 422.
\FBguill@level=\count320
\FBold@everypar=\toks45
\FB@Mht=\dimen279
\mc@charclass=\count321
\mc@charfam=\count322
\mc@charslot=\count323
\std@mcc=\count324
\dec@mcc=\count325
\c@FBcaption@count=\count326
\listindentFB=\dimen280
\descindentFB=\dimen281
\labelindentFB=\dimen282
\labelwidthFB=\dimen283
\leftmarginFB=\dimen284
\parindentFFN=\dimen285
\FBfnindent=\dimen286
)))
(/usr/share/texlive/texmf-dist/tex/latex/carlisle/scalefnt.sty)
Package french.ldf Info: No list customisation for the beamer class,
(french.ldf)             reported on input line 11.

(/usr/share/texlive/texmf-dist/tex/latex/natbib/natbib.sty
Package: natbib 2010/09/13 8.31b (PWD, AO)
\bibhang=\skip76
\bibsep=\skip77
LaTeX Info: Redefining \cite on input line 694.
\c@NAT@ctr=\count327
)
(/usr/share/texlive/texmf-dist/tex/latex/base/inputenc.sty
Package: inputenc 2018/08/11 v1.3c Input encoding file
\inpenc@prehook=\toks46
\inpenc@posthook=\toks47
)
(/usr/share/texlive/texmf-dist/tex/latex/beamer/beamerthemeboxes.sty
\beamer@boxheadheight=\dimen287
\beamer@boxfootheight=\dimen288
\beamer@headboxes=\count328
\beamer@headboxsizes=\dimen289
\beamer@currentbox=\count329
\beamer@footboxes=\count330
\beamer@footboxsizes=\dimen290
)
(/usr/share/texlive/texmf-dist/tex/latex/tools/array.sty
Package: array 2019/08/31 v2.4l Tabular extension package (FMi)
\col@sep=\dimen291
\ar@mcellbox=\box75
\extrarowheight=\dimen292
\NC@list=\toks48
\extratabsurround=\skip78
\backup@length=\skip79
\ar@cellbox=\box76
) (./macros/macros.tex) (./macros/macros-ph.tex
(/usr/share/texlive/texmf-dist/tex/latex/base/ifthen.sty
Package: ifthen 2014/09/29 v1.1c Standard LaTeX ifthen package (DPC)
)
\c@la=\count331
)
(./macros/tikzstyles2.tex
(/usr/share/texlive/texmf-dist/tex/latex/pgf/frontendlayer/tikz.sty
(/usr/share/texlive/texmf-dist/tex/latex/pgf/basiclayer/pgf.sty
Package: pgf 2020/01/08 v3.1.5b (3.1.5b)

(/usr/share/texlive/texmf-dist/tex/generic/pgf/modules/pgfmoduleshapes.code.tex
File: pgfmoduleshapes.code.tex 2020/01/08 v3.1.5b (3.1.5b)
\pgfnodeparttextbox=\box77
) (/usr/share/texlive/texmf-dist/tex/generic/pgf/modules/pgfmoduleplot.code.tex
File: pgfmoduleplot.code.tex 2020/01/08 v3.1.5b (3.1.5b)
)
(/usr/share/texlive/texmf-dist/tex/latex/pgf/compatibility/pgfcomp-version-0-65
.sty
Package: pgfcomp-version-0-65 2020/01/08 v3.1.5b (3.1.5b)
\pgf@nodesepstart=\dimen293
\pgf@nodesepend=\dimen294
)
(/usr/share/texlive/texmf-dist/tex/latex/pgf/compatibility/pgfcomp-version-1-18
.sty
Package: pgfcomp-version-1-18 2020/01/08 v3.1.5b (3.1.5b)
)) (/usr/share/texlive/texmf-dist/tex/latex/pgf/utilities/pgffor.sty
(/usr/share/texlive/texmf-dist/tex/latex/pgf/utilities/pgfkeys.sty
(/usr/share/texlive/texmf-dist/tex/generic/pgf/utilities/pgfkeys.code.tex))
(/usr/share/texlive/texmf-dist/tex/latex/pgf/math/pgfmath.sty
(/usr/share/texlive/texmf-dist/tex/generic/pgf/math/pgfmath.code.tex))
(/usr/share/texlive/texmf-dist/tex/generic/pgf/utilities/pgffor.code.tex
Package: pgffor 2020/01/08 v3.1.5b (3.1.5b)

(/usr/share/texlive/texmf-dist/tex/generic/pgf/math/pgfmath.code.tex)
\pgffor@iter=\dimen295
\pgffor@skip=\dimen296
\pgffor@stack=\toks49
\pgffor@toks=\toks50
))
(/usr/share/texlive/texmf-dist/tex/generic/pgf/frontendlayer/tikz/tikz.code.tex
Package: tikz 2020/01/08 v3.1.5b (3.1.5b)

(/usr/share/texlive/texmf-dist/tex/generic/pgf/libraries/pgflibraryplothandlers
.code.tex
File: pgflibraryplothandlers.code.tex 2020/01/08 v3.1.5b (3.1.5b)
\pgf@plot@mark@count=\count332
\pgfplotmarksize=\dimen297
)
\tikz@lastx=\dimen298
\tikz@lasty=\dimen299
\tikz@lastxsaved=\dimen300
\tikz@lastysaved=\dimen301
\tikz@lastmovetox=\dimen302
\tikz@lastmovetoy=\dimen303
\tikzleveldistance=\dimen304
\tikzsiblingdistance=\dimen305
\tikz@figbox=\box78
\tikz@figbox@bg=\box79
\tikz@tempbox=\box80
\tikz@tempbox@bg=\box81
\tikztreelevel=\count333
\tikznumberofchildren=\count334
\tikznumberofcurrentchild=\count335
\tikz@fig@count=\count336

(/usr/share/texlive/texmf-dist/tex/generic/pgf/modules/pgfmodulematrix.code.tex
File: pgfmodulematrix.code.tex 2020/01/08 v3.1.5b (3.1.5b)
\pgfmatrixcurrentrow=\count337
\pgfmatrixcurrentcolumn=\count338
\pgf@matrix@numberofcolumns=\count339
)
\tikz@expandcount=\count340

(/usr/share/texlive/texmf-dist/tex/generic/pgf/frontendlayer/tikz/libraries/tik
zlibrarytopaths.code.tex
File: tikzlibrarytopaths.code.tex 2020/01/08 v3.1.5b (3.1.5b)
)))
\pgfex=\dimen306
\pgfem=\dimen307

(/usr/share/texlive/texmf-dist/tex/generic/pgf/frontendlayer/tikz/libraries/tik
zlibraryarrows.code.tex
File: tikzlibraryarrows.code.tex 2020/01/08 v3.1.5b (3.1.5b)

(/usr/share/texlive/texmf-dist/tex/generic/pgf/libraries/pgflibraryarrows.code.
tex
File: pgflibraryarrows.code.tex 2020/01/08 v3.1.5b (3.1.5b)
\arrowsize=\dimen308
))
(/usr/share/texlive/texmf-dist/tex/generic/pgf/frontendlayer/tikz/libraries/tik
zlibraryshapes.code.tex
File: tikzlibraryshapes.code.tex 2020/01/08 v3.1.5b (3.1.5b)

(/usr/share/texlive/texmf-dist/tex/generic/pgf/frontendlayer/tikz/libraries/tik
zlibraryshapes.geometric.code.tex
File: tikzlibraryshapes.geometric.code.tex 2020/01/08 v3.1.5b (3.1.5b)

(/usr/share/texlive/texmf-dist/tex/generic/pgf/libraries/shapes/pgflibraryshape
s.geometric.code.tex
File: pgflibraryshapes.geometric.code.tex 2020/01/08 v3.1.5b (3.1.5b)
))
(/usr/share/texlive/texmf-dist/tex/generic/pgf/frontendlayer/tikz/libraries/tik
zlibraryshapes.misc.code.tex
File: tikzlibraryshapes.misc.code.tex 2020/01/08 v3.1.5b (3.1.5b)

(/usr/share/texlive/texmf-dist/tex/generic/pgf/libraries/shapes/pgflibraryshape
s.misc.code.tex
File: pgflibraryshapes.misc.code.tex 2020/01/08 v3.1.5b (3.1.5b)
))
(/usr/share/texlive/texmf-dist/tex/generic/pgf/frontendlayer/tikz/libraries/tik
zlibraryshapes.symbols.code.tex
File: tikzlibraryshapes.symbols.code.tex 2020/01/08 v3.1.5b (3.1.5b)

(/usr/share/texlive/texmf-dist/tex/generic/pgf/libraries/shapes/pgflibraryshape
s.symbols.code.tex
File: pgflibraryshapes.symbols.code.tex 2020/01/08 v3.1.5b (3.1.5b)
))
(/usr/share/texlive/texmf-dist/tex/generic/pgf/frontendlayer/tikz/libraries/tik
zlibraryshapes.arrows.code.tex
File: tikzlibraryshapes.arrows.code.tex 2020/01/08 v3.1.5b (3.1.5b)

(/usr/share/texlive/texmf-dist/tex/generic/pgf/libraries/shapes/pgflibraryshape
s.arrows.code.tex
File: pgflibraryshapes.arrows.code.tex 2020/01/08 v3.1.5b (3.1.5b)
))
(/usr/share/texlive/texmf-dist/tex/generic/pgf/frontendlayer/tikz/libraries/tik
zlibraryshapes.callouts.code.tex
(/usr/share/texlive/texmf-dist/tex/generic/pgf/libraries/shapes/pgflibraryshape
s.callouts.code.tex))
(/usr/share/texlive/texmf-dist/tex/generic/pgf/frontendlayer/tikz/libraries/tik
zlibraryshapes.multipart.code.tex
File: tikzlibraryshapes.multipart.code.tex 2020/01/08 v3.1.5b (3.1.5b)

(/usr/share/texlive/texmf-dist/tex/generic/pgf/libraries/shapes/pgflibraryshape
s.multipart.code.tex
File: pgflibraryshapes.multipart.code.tex 2020/01/08 v3.1.5b (3.1.5b)
\pgfnodepartlowerbox=\box82
\pgfnodeparttwobox=\box83
\pgfnodepartthreebox=\box84
\pgfnodepartfourbox=\box85
\pgfnodeparttwentybox=\box86
\pgfnodepartnineteenbox=\box87
\pgfnodeparteighteenbox=\box88
\pgfnodepartseventeenbox=\box89
\pgfnodepartsixteenbox=\box90
\pgfnodepartfifteenbox=\box91
\pgfnodepartfourteenbox=\box92
\pgfnodepartthirteenbox=\box93
\pgfnodeparttwelvebox=\box94
\pgfnodepartelevenbox=\box95
\pgfnodeparttenbox=\box96
\pgfnodepartninebox=\box97
\pgfnodeparteightbox=\box98
\pgfnodepartsevenbox=\box99
\pgfnodepartsixbox=\box100
\pgfnodepartfivebox=\box101
)))
(/usr/share/texlive/texmf-dist/tex/generic/pgf/frontendlayer/tikz/libraries/tik
zlibraryshadows.code.tex
File: tikzlibraryshadows.code.tex 2020/01/08 v3.1.5b (3.1.5b)

(/usr/share/texlive/texmf-dist/tex/generic/pgf/frontendlayer/tikz/libraries/tik
zlibraryfadings.code.tex
File: tikzlibraryfadings.code.tex 2020/01/08 v3.1.5b (3.1.5b)

(/usr/share/texlive/texmf-dist/tex/generic/pgf/libraries/pgflibraryfadings.code
.tex
File: pgflibraryfadings.code.tex 2020/01/08 v3.1.5b (3.1.5b)
)))
(/usr/share/texlive/texmf-dist/tex/generic/pgf/frontendlayer/tikz/libraries/tik
zlibraryscopes.code.tex
File: tikzlibraryscopes.code.tex 2020/01/08 v3.1.5b (3.1.5b)
)
(/usr/share/texlive/texmf-dist/tex/generic/pgf/frontendlayer/tikz/libraries/tik
zlibrarypositioning.code.tex
File: tikzlibrarypositioning.code.tex 2020/01/08 v3.1.5b (3.1.5b)
)
(/usr/share/texlive/texmf-dist/tex/generic/pgf/frontendlayer/tikz/libraries/tik
zlibrarymatrix.code.tex
File: tikzlibrarymatrix.code.tex 2020/01/08 v3.1.5b (3.1.5b)
)
(/usr/share/texlive/texmf-dist/tex/generic/pgf/frontendlayer/tikz/libraries/tik
zlibrarydecorations.text.code.tex
(/usr/share/texlive/texmf-dist/tex/generic/pgf/frontendlayer/tikz/libraries/tik
zlibrarydecorations.code.tex
(/usr/share/texlive/texmf-dist/tex/generic/pgf/modules/pgfmoduledecorations.cod
e.tex
\pgfdecoratedcompleteddistance=\dimen309
\pgfdecoratedremainingdistance=\dimen310
\pgfdecoratedinputsegmentcompleteddistance=\dimen311
\pgfdecoratedinputsegmentremainingdistance=\dimen312
\pgf@decorate@distancetomove=\dimen313
\pgf@decorate@repeatstate=\count341
\pgfdecorationsegmentamplitude=\dimen314
\pgfdecorationsegmentlength=\dimen315
)
\tikz@lib@dec@box=\box102
)
(/usr/share/texlive/texmf-dist/tex/generic/pgf/libraries/decorations/pgflibrary
decorations.text.code.tex
\pgf@lib@dec@text@box=\box103
)
\tikz@lib@dec@te@box=\box104
)
(/usr/share/texlive/texmf-dist/tex/generic/pgf/frontendlayer/tikz/libraries/tik
zlibrarydecorations.pathmorphing.code.tex
(/usr/share/texlive/texmf-dist/tex/generic/pgf/libraries/decorations/pgflibrary
decorations.pathmorphing.code.tex)))
(/usr/share/texlive/texmf-dist/tex/latex/l3backend/l3backend-pdfmode.def
File: l3backend-pdfmode.def 2020-02-03 L3 backend support: PDF mode
\l__kernel_color_stack_int=\count342
\l__pdf_internal_box=\box105
)
(./soutenance.aux

LaTeX Warning: Label `label-figure3' multiply defined.

)
\openout1 = `soutenance.aux'.

LaTeX Font Info:    Checking defaults for OML/cmm/m/it on input line 53.
LaTeX Font Info:    ... okay on input line 53.
LaTeX Font Info:    Checking defaults for OMS/cmsy/m/n on input line 53.
LaTeX Font Info:    ... okay on input line 53.
LaTeX Font Info:    Checking defaults for OT1/cmr/m/n on input line 53.
LaTeX Font Info:    ... okay on input line 53.
LaTeX Font Info:    Checking defaults for T1/cmr/m/n on input line 53.
LaTeX Font Info:    ... okay on input line 53.
LaTeX Font Info:    Checking defaults for TS1/cmr/m/n on input line 53.
LaTeX Font Info:    ... okay on input line 53.
LaTeX Font Info:    Checking defaults for OMX/cmex/m/n on input line 53.
LaTeX Font Info:    ... okay on input line 53.
LaTeX Font Info:    Checking defaults for U/cmr/m/n on input line 53.
LaTeX Font Info:    ... okay on input line 53.
LaTeX Font Info:    Checking defaults for PD1/pdf/m/n on input line 53.
LaTeX Font Info:    ... okay on input line 53.

*geometry* driver: auto-detecting
*geometry* detected driver: pdftex
*geometry* verbose mode - [ preamble ] result:
* driver: pdftex
* paper: custom
* layout: <same size as paper>
* layoutoffset:(h,v)=(0.0pt,0.0pt)
* modes: includehead includefoot 
* h-part:(L,W,R)=(28.45274pt, 307.28987pt, 28.45274pt)
* v-part:(T,H,B)=(0.0pt, 273.14662pt, 0.0pt)
* \paperwidth=364.19536pt
* \paperheight=273.14662pt
* \textwidth=307.28987pt
* \textheight=244.6939pt
* \oddsidemargin=-43.81725pt
* \evensidemargin=-43.81725pt
* \topmargin=-72.26999pt
* \headheight=14.22636pt
* \headsep=0.0pt
* \topskip=11.0pt
* \footskip=14.22636pt
* \marginparwidth=4.0pt
* \marginparsep=10.0pt
* \columnsep=10.0pt
* \skip\footins=10.0pt plus 4.0pt minus 2.0pt
* \hoffset=0.0pt
* \voffset=0.0pt
* \mag=1000
* \@twocolumnfalse
* \@twosidefalse
* \@mparswitchfalse
* \@reversemarginfalse
* (1in=72.27pt=25.4mm, 1cm=28.453pt)

(/usr/share/texlive/texmf-dist/tex/context/base/mkii/supp-pdf.mkii
[Loading MPS to PDF converter (version 2006.09.02).]
\scratchcounter=\count343
\scratchdimen=\dimen316
\scratchbox=\box106
\nofMPsegments=\count344
\nofMParguments=\count345
\everyMPshowfont=\toks51
\MPscratchCnt=\count346
\MPscratchDim=\dimen317
\MPnumerator=\count347
\makeMPintoPDFobject=\count348
\everyMPtoPDFconversion=\toks52
) (/usr/share/texlive/texmf-dist/tex/latex/epstopdf-pkg/epstopdf-base.sty
Package: epstopdf-base 2020-01-24 v2.11 Base part for package epstopdf
Package epstopdf-base Info: Redefining graphics rule for `.eps' on input line 4
85.

(/usr/share/texlive/texmf-dist/tex/latex/latexconfig/epstopdf-sys.cfg
File: epstopdf-sys.cfg 2010/07/13 v1.3 Configuration of (r)epstopdf for TeX Liv
e
))
ABD: EveryShipout initializing macros
\AtBeginShipoutBox=\box107
Package hyperref Info: Link coloring OFF on input line 53.
LaTeX Info: Redefining \ref on input line 53.
LaTeX Info: Redefining \pageref on input line 53.
LaTeX Info: Redefining \nameref on input line 53.
 (./soutenance.out) (./soutenance.out)
\@outlinefile=\write6
\openout6 = `soutenance.out'.

LaTeX Font Info:    Overwriting symbol font `operators' in version `normal'
(Font)                  OT1/cmr/m/n --> OT1/cmss/m/n on input line 53.
LaTeX Font Info:    Overwriting symbol font `operators' in version `bold'
(Font)                  OT1/cmr/bx/n --> OT1/cmss/b/n on input line 53.
\symnumbers=\mathgroup6
\sympureletters=\mathgroup7
LaTeX Font Info:    Overwriting math alphabet `\mathrm' in version `normal'
(Font)                  OT1/cmss/m/n --> OT1/cmr/m/n on input line 53.
LaTeX Font Info:    Redeclaring math alphabet \mathbf on input line 53.
LaTeX Font Info:    Overwriting math alphabet `\mathbf' in version `normal'
(Font)                  OT1/cmr/bx/n --> OT1/cmss/b/n on input line 53.
LaTeX Font Info:    Overwriting math alphabet `\mathbf' in version `bold'
(Font)                  OT1/cmr/bx/n --> OT1/cmss/b/n on input line 53.
LaTeX Font Info:    Redeclaring math alphabet \mathsf on input line 53.
LaTeX Font Info:    Overwriting math alphabet `\mathsf' in version `normal'
(Font)                  OT1/cmss/m/n --> OT1/cmss/m/n on input line 53.
LaTeX Font Info:    Overwriting math alphabet `\mathsf' in version `bold'
(Font)                  OT1/cmss/bx/n --> OT1/cmss/m/n on input line 53.
LaTeX Font Info:    Redeclaring math alphabet \mathit on input line 53.
LaTeX Font Info:    Overwriting math alphabet `\mathit' in version `normal'
(Font)                  OT1/cmr/m/it --> OT1/cmss/m/it on input line 53.
LaTeX Font Info:    Overwriting math alphabet `\mathit' in version `bold'
(Font)                  OT1/cmr/bx/it --> OT1/cmss/m/it on input line 53.
LaTeX Font Info:    Redeclaring math alphabet \mathtt on input line 53.
LaTeX Font Info:    Overwriting math alphabet `\mathtt' in version `normal'
(Font)                  OT1/cmtt/m/n --> OT1/cmtt/m/n on input line 53.
LaTeX Font Info:    Overwriting math alphabet `\mathtt' in version `bold'
(Font)                  OT1/cmtt/m/n --> OT1/cmtt/m/n on input line 53.
LaTeX Font Info:    Overwriting symbol font `numbers' in version `bold'
(Font)                  OT1/cmss/m/n --> OT1/cmss/b/n on input line 53.
LaTeX Font Info:    Overwriting symbol font `pureletters' in version `bold'
(Font)                  OT1/cmss/m/it --> OT1/cmss/b/it on input line 53.
LaTeX Font Info:    Overwriting math alphabet `\mathrm' in version `bold'
(Font)                  OT1/cmss/b/n --> OT1/cmr/b/n on input line 53.
LaTeX Font Info:    Overwriting math alphabet `\mathbf' in version `bold'
(Font)                  OT1/cmss/b/n --> OT1/cmss/b/n on input line 53.
LaTeX Font Info:    Overwriting math alphabet `\mathsf' in version `bold'
(Font)                  OT1/cmss/m/n --> OT1/cmss/b/n on input line 53.
LaTeX Font Info:    Overwriting math alphabet `\mathit' in version `bold'
(Font)                  OT1/cmss/m/it --> OT1/cmss/b/it on input line 53.
LaTeX Font Info:    Overwriting math alphabet `\mathtt' in version `bold'
(Font)                  OT1/cmtt/m/n --> OT1/cmtt/b/n on input line 53.
LaTeX Font Info:    Redeclaring symbol font `pureletters' on input line 53.
LaTeX Font Info:    Overwriting symbol font `pureletters' in version `normal'
(Font)                  OT1/cmss/m/it --> OT1/mathkerncmss/m/sl on input line 5
3.
LaTeX Font Info:    Overwriting symbol font `pureletters' in version `bold'
(Font)                  OT1/cmss/b/it --> OT1/mathkerncmss/m/sl on input line 5
3.
LaTeX Font Info:    Overwriting symbol font `pureletters' in version `bold'
(Font)                  OT1/mathkerncmss/m/sl --> OT1/mathkerncmss/bx/sl on inp
ut line 53.

(/usr/share/texlive/texmf-dist/tex/latex/translator/translator-basic-dictionary
-English.dict
Dictionary: translator-basic-dictionary, Language: English 
)
(/usr/share/texlive/texmf-dist/tex/latex/translator/translator-bibliography-dic
tionary-English.dict
Dictionary: translator-bibliography-dictionary, Language: English 
)
(/usr/share/texlive/texmf-dist/tex/latex/translator/translator-environment-dict
ionary-English.dict
Dictionary: translator-environment-dictionary, Language: English 
)
(/usr/share/texlive/texmf-dist/tex/latex/translator/translator-months-dictionar
y-English.dict
Dictionary: translator-months-dictionary, Language: English 
)
(/usr/share/texlive/texmf-dist/tex/latex/translator/translator-numbers-dictiona
ry-English.dict
Dictionary: translator-numbers-dictionary, Language: English 
)
(/usr/share/texlive/texmf-dist/tex/latex/translator/translator-theorem-dictiona
ry-English.dict
Dictionary: translator-theorem-dictionary, Language: English 
)
Package minitoc(hints) Info: I0049
(minitoc(hints))             ==> You requested the hints option. 
(minitoc(hints))             Some hints are eventually given below.
LaTeX Info: Redefining \degres on input line 53.
LaTeX Info: Redefining \dots on input line 53.


Package french.ldf Warning: Please load the "natbib" package
(french.ldf)                BEFORE babel/french; reported on input line 53.

LaTeX Info: Redefining \up on input line 53.

Package french.ldf Warning: OT1 encoding should not be used for French.
(french.ldf)                Add \usepackage[T1]{fontenc} to the preamble
(french.ldf)                of your document; reported on input line 53.

(./soutenance.nav)
Overfull \hbox (4.66797pt too wide) in paragraph at lines 53--53
[][]  
 []


Overfull \hbox (4.66797pt too wide) has occurred while \output is active
[][] 
 []

[1

{/var/lib/texmf/fonts/map/pdftex/updmap/pdftex.map}]
LaTeX Font Info:    Trying to load font information for U+msa on input line 65.


(/usr/share/texlive/texmf-dist/tex/latex/amsfonts/umsa.fd
File: umsa.fd 2013/01/14 v3.01 AMS symbols A
)
LaTeX Font Info:    Trying to load font information for U+msb on input line 65.


(/usr/share/texlive/texmf-dist/tex/latex/amsfonts/umsb.fd
File: umsb.fd 2013/01/14 v3.01 AMS symbols B
)
LaTeX Font Info:    Trying to load font information for OT1+mathkerncmss on inp
ut line 65.

(/usr/share/texlive/texmf-dist/tex/latex/sansmathaccent/ot1mathkerncmss.fd
File: ot1mathkerncmss.fd 2020/01/31 Fontinst v1.933 font definitions for OT1/ma
thkerncmss.
)
Overfull \hbox (4.66797pt too wide) has occurred while \output is active
[][] 
 []

[2

]
<hitori.png, id=97, 201.75375pt x 201.75375pt>
File: hitori.png Graphic file (type png)
<use hitori.png>
Package pdftex.def Info: hitori.png  used on input line 73.
(pdftex.def)             Requested size: 170.71652pt x 170.71878pt.


LaTeX Font Warning: Font shape `OT1/cmss/m/sc' in size <10> not available
(Font)              Font shape `OT1/cmr/m/sc' tried instead on input line 73.


Overfull \hbox (4.66797pt too wide) has occurred while \output is active
[][] 
 []

[3

 <./hitori.png>]
Overfull \hbox (4.66797pt too wide) has occurred while \output is active
[][] 
 []

[4

]
Overfull \hbox (4.66797pt too wide) has occurred while \output is active
[][] 
 []

[5

]
LaTeX Font Info:    Trying to load font information for OMS+cmss on input line 
101.
LaTeX Font Info:    No file OMScmss.fd. on input line 101.


LaTeX Font Warning: Font shape `OMS/cmss/m/n' undefined
(Font)              using `OMS/cmsy/m/n' instead
(Font)              for symbol `textbraceleft' on input line 101.


Overfull \hbox (4.66797pt too wide) has occurred while \output is active
[][] 
 []

[6

]
Overfull \hbox (4.66797pt too wide) has occurred while \output is active
[][] 
 []

[7

]
Overfull \hbox (4.66797pt too wide) has occurred while \output is active
[][] 
 []

[8

]
Overfull \hbox (4.66797pt too wide) has occurred while \output is active
[][] 
 []

[9

]
Overfull \hbox (4.66797pt too wide) has occurred while \output is active
[][] 
 []

[10

]
Overfull \hbox (4.66797pt too wide) has occurred while \output is active
[][] 
 []

[11

]
Overfull \hbox (4.66797pt too wide) has occurred while \output is active
[][] 
 []

[12

]
Overfull \hbox (4.66797pt too wide) has occurred while \output is active
[][] 
 []

[13

]
Overfull \hbox (4.66797pt too wide) has occurred while \output is active
[][] 
 []

[14

]
Overfull \hbox (4.66797pt too wide) has occurred while \output is active
[][] 
 []

[15

]
Overfull \hbox (4.66797pt too wide) has occurred while \output is active
[][] 
 []

[16

]
Overfull \hbox (4.66797pt too wide) has occurred while \output is active
[][] 
 []

[17

]
Overfull \hbox (4.66797pt too wide) has occurred while \output is active
[][] 
 []

[18

]
Overfull \hbox (4.66797pt too wide) has occurred while \output is active
[][] 
 []

[19

]
Overfull \hbox (4.66797pt too wide) has occurred while \output is active
[][] 
 []

[20

]
<Hitori_2.png, id=580, 201.75375pt x 201.75375pt>
File: Hitori_2.png Graphic file (type png)
<use Hitori_2.png>
Package pdftex.def Info: Hitori_2.png  used on input line 139.
(pdftex.def)             Requested size: 170.71652pt x 170.71878pt.

Overfull \hbox (4.66797pt too wide) has occurred while \output is active
[][] 
 []

[21

 <./Hitori_2.png (PNG copy)>]
Package epstopdf Info: Source file: <Diagram1.eps>
(epstopdf)                    date: 2022-08-08 12:15:44
(epstopdf)                    size: 17540 bytes
(epstopdf)             Output file: <Diagram1-eps-converted-to.pdf>
(epstopdf)                    date: 2022-08-08 12:17:06
(epstopdf)                    size: 3990 bytes
(epstopdf)             Command: <repstopdf --outfile=Diagram1-eps-converted-to.
pdf Diagram1.eps>
(epstopdf)             \includegraphics on input line 147.
Package epstopdf Info: Output file is already uptodate.
<Diagram1-eps-converted-to.pdf, id=609, 850.17625pt x 850.17625pt>
File: Diagram1-eps-converted-to.pdf Graphic file (type pdf)
<use Diagram1-eps-converted-to.pdf>
Package pdftex.def Info: Diagram1-eps-converted-to.pdf  used on input line 147.

(pdftex.def)             Requested size: 170.71652pt x 170.70682pt.

Overfull \hbox (4.66797pt too wide) has occurred while \output is active
[][] 
 []

[22

 <./Diagram1-eps-converted-to.pdf>]
Package epstopdf Info: Source file: <Coup1_strat1.eps>
(epstopdf)                    date: 2022-08-25 16:09:29
(epstopdf)                    size: 17859 bytes
(epstopdf)             Output file: <Coup1_strat1-eps-converted-to.pdf>
(epstopdf)                    date: 2022-08-25 16:09:37
(epstopdf)                    size: 4057 bytes
(epstopdf)             Command: <repstopdf --outfile=Coup1_strat1-eps-converted
-to.pdf Coup1_strat1.eps>
(epstopdf)             \includegraphics on input line 158.
Package epstopdf Info: Output file is already uptodate.
<Coup1_strat1-eps-converted-to.pdf, id=639, 850.17625pt x 850.17625pt>
File: Coup1_strat1-eps-converted-to.pdf Graphic file (type pdf)
<use Coup1_strat1-eps-converted-to.pdf>
Package pdftex.def Info: Coup1_strat1-eps-converted-to.pdf  used on input line 
158.
(pdftex.def)             Requested size: 92.47145pt x 92.46889pt.
Package epstopdf Info: Source file: <Coup2_strat1.eps>
(epstopdf)                    date: 2022-08-25 16:11:37
(epstopdf)                    size: 17859 bytes
(epstopdf)             Output file: <Coup2_strat1-eps-converted-to.pdf>
(epstopdf)                    date: 2022-08-25 16:11:56
(epstopdf)                    size: 4066 bytes
(epstopdf)             Command: <repstopdf --outfile=Coup2_strat1-eps-converted
-to.pdf Coup2_strat1.eps>
(epstopdf)             \includegraphics on input line 158.
Package epstopdf Info: Output file is already uptodate.
<Coup2_strat1-eps-converted-to.pdf, id=640, 850.17625pt x 850.17625pt>
File: Coup2_strat1-eps-converted-to.pdf Graphic file (type pdf)
<use Coup2_strat1-eps-converted-to.pdf>
Package pdftex.def Info: Coup2_strat1-eps-converted-to.pdf  used on input line 
158.
(pdftex.def)             Requested size: 92.47145pt x 92.46889pt.
Package epstopdf Info: Source file: <Coup3_strat1.eps>
(epstopdf)                    date: 2022-08-25 16:17:14
(epstopdf)                    size: 17771 bytes
(epstopdf)             Output file: <Coup3_strat1-eps-converted-to.pdf>
(epstopdf)                    date: 2022-08-25 16:17:17
(epstopdf)                    size: 4063 bytes
(epstopdf)             Command: <repstopdf --outfile=Coup3_strat1-eps-converted
-to.pdf Coup3_strat1.eps>
(epstopdf)             \includegraphics on input line 158.
Package epstopdf Info: Output file is already uptodate.
<Coup3_strat1-eps-converted-to.pdf, id=641, 850.17625pt x 850.17625pt>
File: Coup3_strat1-eps-converted-to.pdf Graphic file (type pdf)
<use Coup3_strat1-eps-converted-to.pdf>
Package pdftex.def Info: Coup3_strat1-eps-converted-to.pdf  used on input line 
158.
(pdftex.def)             Requested size: 92.47145pt x 92.46889pt.

Overfull \hbox (4.66797pt too wide) has occurred while \output is active
[][] 
 []

[23

 <./Coup1_strat1-eps-converted-to.pdf> <./Coup2_strat1-eps-converted-to.pdf> <.
/Coup3_strat1-eps-converted-to.pdf>]
Package epstopdf Info: Source file: <Coup1_strat1.eps>
(epstopdf)                    date: 2022-08-25 16:09:29
(epstopdf)                    size: 17859 bytes
(epstopdf)             Output file: <Coup1_strat1-eps-converted-to.pdf>
(epstopdf)                    date: 2022-08-25 16:09:37
(epstopdf)                    size: 4057 bytes
(epstopdf)             Command: <repstopdf --outfile=Coup1_strat1-eps-converted
-to.pdf Coup1_strat1.eps>
(epstopdf)             \includegraphics on input line 158.
Package epstopdf Info: Output file is already uptodate.
File: Coup1_strat1-eps-converted-to.pdf Graphic file (type pdf)
<use Coup1_strat1-eps-converted-to.pdf>
Package pdftex.def Info: Coup1_strat1-eps-converted-to.pdf  used on input line 
158.
(pdftex.def)             Requested size: 92.47145pt x 92.46889pt.
Package epstopdf Info: Source file: <Coup2_strat1.eps>
(epstopdf)                    date: 2022-08-25 16:11:37
(epstopdf)                    size: 17859 bytes
(epstopdf)             Output file: <Coup2_strat1-eps-converted-to.pdf>
(epstopdf)                    date: 2022-08-25 16:11:56
(epstopdf)                    size: 4066 bytes
(epstopdf)             Command: <repstopdf --outfile=Coup2_strat1-eps-converted
-to.pdf Coup2_strat1.eps>
(epstopdf)             \includegraphics on input line 158.
Package epstopdf Info: Output file is already uptodate.
File: Coup2_strat1-eps-converted-to.pdf Graphic file (type pdf)
<use Coup2_strat1-eps-converted-to.pdf>
Package pdftex.def Info: Coup2_strat1-eps-converted-to.pdf  used on input line 
158.
(pdftex.def)             Requested size: 92.47145pt x 92.46889pt.
Package epstopdf Info: Source file: <Coup3_strat1.eps>
(epstopdf)                    date: 2022-08-25 16:17:14
(epstopdf)                    size: 17771 bytes
(epstopdf)             Output file: <Coup3_strat1-eps-converted-to.pdf>
(epstopdf)                    date: 2022-08-25 16:17:17
(epstopdf)                    size: 4063 bytes
(epstopdf)             Command: <repstopdf --outfile=Coup3_strat1-eps-converted
-to.pdf Coup3_strat1.eps>
(epstopdf)             \includegraphics on input line 158.
Package epstopdf Info: Output file is already uptodate.
File: Coup3_strat1-eps-converted-to.pdf Graphic file (type pdf)
<use Coup3_strat1-eps-converted-to.pdf>
Package pdftex.def Info: Coup3_strat1-eps-converted-to.pdf  used on input line 
158.
(pdftex.def)             Requested size: 92.47145pt x 92.46889pt.

Overfull \hbox (4.66797pt too wide) has occurred while \output is active
[][] 
 []

[24

]
Package epstopdf Info: Source file: <Coup1_strat1.eps>
(epstopdf)                    date: 2022-08-25 16:09:29
(epstopdf)                    size: 17859 bytes
(epstopdf)             Output file: <Coup1_strat1-eps-converted-to.pdf>
(epstopdf)                    date: 2022-08-25 16:09:37
(epstopdf)                    size: 4057 bytes
(epstopdf)             Command: <repstopdf --outfile=Coup1_strat1-eps-converted
-to.pdf Coup1_strat1.eps>
(epstopdf)             \includegraphics on input line 158.
Package epstopdf Info: Output file is already uptodate.
File: Coup1_strat1-eps-converted-to.pdf Graphic file (type pdf)
<use Coup1_strat1-eps-converted-to.pdf>
Package pdftex.def Info: Coup1_strat1-eps-converted-to.pdf  used on input line 
158.
(pdftex.def)             Requested size: 92.47145pt x 92.46889pt.
Package epstopdf Info: Source file: <Coup2_strat1.eps>
(epstopdf)                    date: 2022-08-25 16:11:37
(epstopdf)                    size: 17859 bytes
(epstopdf)             Output file: <Coup2_strat1-eps-converted-to.pdf>
(epstopdf)                    date: 2022-08-25 16:11:56
(epstopdf)                    size: 4066 bytes
(epstopdf)             Command: <repstopdf --outfile=Coup2_strat1-eps-converted
-to.pdf Coup2_strat1.eps>
(epstopdf)             \includegraphics on input line 158.
Package epstopdf Info: Output file is already uptodate.
File: Coup2_strat1-eps-converted-to.pdf Graphic file (type pdf)
<use Coup2_strat1-eps-converted-to.pdf>
Package pdftex.def Info: Coup2_strat1-eps-converted-to.pdf  used on input line 
158.
(pdftex.def)             Requested size: 92.47145pt x 92.46889pt.
Package epstopdf Info: Source file: <Coup3_strat1.eps>
(epstopdf)                    date: 2022-08-25 16:17:14
(epstopdf)                    size: 17771 bytes
(epstopdf)             Output file: <Coup3_strat1-eps-converted-to.pdf>
(epstopdf)                    date: 2022-08-25 16:17:17
(epstopdf)                    size: 4063 bytes
(epstopdf)             Command: <repstopdf --outfile=Coup3_strat1-eps-converted
-to.pdf Coup3_strat1.eps>
(epstopdf)             \includegraphics on input line 158.
Package epstopdf Info: Output file is already uptodate.
File: Coup3_strat1-eps-converted-to.pdf Graphic file (type pdf)
<use Coup3_strat1-eps-converted-to.pdf>
Package pdftex.def Info: Coup3_strat1-eps-converted-to.pdf  used on input line 
158.
(pdftex.def)             Requested size: 92.47145pt x 92.46889pt.

Overfull \hbox (4.66797pt too wide) has occurred while \output is active
[][] 
 []

[25

]
Package epstopdf Info: Source file: <Coup1_strat2.eps>
(epstopdf)                    date: 2022-08-25 16:24:58
(epstopdf)                    size: 18182 bytes
(epstopdf)             Output file: <Coup1_strat2-eps-converted-to.pdf>
(epstopdf)                    date: 2022-08-25 16:29:32
(epstopdf)                    size: 4151 bytes
(epstopdf)             Command: <repstopdf --outfile=Coup1_strat2-eps-converted
-to.pdf Coup1_strat2.eps>
(epstopdf)             \includegraphics on input line 169.
Package epstopdf Info: Output file is already uptodate.
<Coup1_strat2-eps-converted-to.pdf, id=728, 850.17625pt x 850.17625pt>
File: Coup1_strat2-eps-converted-to.pdf Graphic file (type pdf)
<use Coup1_strat2-eps-converted-to.pdf>
Package pdftex.def Info: Coup1_strat2-eps-converted-to.pdf  used on input line 
169.
(pdftex.def)             Requested size: 92.47145pt x 92.46889pt.
Package epstopdf Info: Source file: <Coup2_strat2.eps>
(epstopdf)                    date: 2022-08-25 16:35:28
(epstopdf)                    size: 20099 bytes
(epstopdf)             Output file: <Coup2_strat2-eps-converted-to.pdf>
(epstopdf)                    date: 2022-08-25 16:35:30
(epstopdf)                    size: 4510 bytes
(epstopdf)             Command: <repstopdf --outfile=Coup2_strat2-eps-converted
-to.pdf Coup2_strat2.eps>
(epstopdf)             \includegraphics on input line 169.
Package epstopdf Info: Output file is already uptodate.
<Coup2_strat2-eps-converted-to.pdf, id=729, 850.17625pt x 850.17625pt>
File: Coup2_strat2-eps-converted-to.pdf Graphic file (type pdf)
<use Coup2_strat2-eps-converted-to.pdf>
Package pdftex.def Info: Coup2_strat2-eps-converted-to.pdf  used on input line 
169.
(pdftex.def)             Requested size: 92.47145pt x 92.46889pt.
Package epstopdf Info: Source file: <Coup3_strat2.eps>
(epstopdf)                    date: 2022-08-25 16:31:02
(epstopdf)                    size: 17859 bytes
(epstopdf)             Output file: <Coup3_strat2-eps-converted-to.pdf>
(epstopdf)                    date: 2022-08-25 16:31:09
(epstopdf)                    size: 4069 bytes
(epstopdf)             Command: <repstopdf --outfile=Coup3_strat2-eps-converted
-to.pdf Coup3_strat2.eps>
(epstopdf)             \includegraphics on input line 169.
Package epstopdf Info: Output file is already uptodate.
<Coup3_strat2-eps-converted-to.pdf, id=730, 850.17625pt x 850.17625pt>
File: Coup3_strat2-eps-converted-to.pdf Graphic file (type pdf)
<use Coup3_strat2-eps-converted-to.pdf>
Package pdftex.def Info: Coup3_strat2-eps-converted-to.pdf  used on input line 
169.
(pdftex.def)             Requested size: 92.47145pt x 92.46889pt.

Overfull \hbox (4.66797pt too wide) has occurred while \output is active
[][] 
 []

[26

 <./Coup1_strat2-eps-converted-to.pdf> <./Coup2_strat2-eps-converted-to.pdf> <.
/Coup3_strat2-eps-converted-to.pdf>]
Package epstopdf Info: Source file: <Coup1_strat2.eps>
(epstopdf)                    date: 2022-08-25 16:24:58
(epstopdf)                    size: 18182 bytes
(epstopdf)             Output file: <Coup1_strat2-eps-converted-to.pdf>
(epstopdf)                    date: 2022-08-25 16:29:32
(epstopdf)                    size: 4151 bytes
(epstopdf)             Command: <repstopdf --outfile=Coup1_strat2-eps-converted
-to.pdf Coup1_strat2.eps>
(epstopdf)             \includegraphics on input line 169.
Package epstopdf Info: Output file is already uptodate.
File: Coup1_strat2-eps-converted-to.pdf Graphic file (type pdf)
<use Coup1_strat2-eps-converted-to.pdf>
Package pdftex.def Info: Coup1_strat2-eps-converted-to.pdf  used on input line 
169.
(pdftex.def)             Requested size: 92.47145pt x 92.46889pt.
Package epstopdf Info: Source file: <Coup2_strat2.eps>
(epstopdf)                    date: 2022-08-25 16:35:28
(epstopdf)                    size: 20099 bytes
(epstopdf)             Output file: <Coup2_strat2-eps-converted-to.pdf>
(epstopdf)                    date: 2022-08-25 16:35:30
(epstopdf)                    size: 4510 bytes
(epstopdf)             Command: <repstopdf --outfile=Coup2_strat2-eps-converted
-to.pdf Coup2_strat2.eps>
(epstopdf)             \includegraphics on input line 169.
Package epstopdf Info: Output file is already uptodate.
File: Coup2_strat2-eps-converted-to.pdf Graphic file (type pdf)
<use Coup2_strat2-eps-converted-to.pdf>
Package pdftex.def Info: Coup2_strat2-eps-converted-to.pdf  used on input line 
169.
(pdftex.def)             Requested size: 92.47145pt x 92.46889pt.
Package epstopdf Info: Source file: <Coup3_strat2.eps>
(epstopdf)                    date: 2022-08-25 16:31:02
(epstopdf)                    size: 17859 bytes
(epstopdf)             Output file: <Coup3_strat2-eps-converted-to.pdf>
(epstopdf)                    date: 2022-08-25 16:31:09
(epstopdf)                    size: 4069 bytes
(epstopdf)             Command: <repstopdf --outfile=Coup3_strat2-eps-converted
-to.pdf Coup3_strat2.eps>
(epstopdf)             \includegraphics on input line 169.
Package epstopdf Info: Output file is already uptodate.
File: Coup3_strat2-eps-converted-to.pdf Graphic file (type pdf)
<use Coup3_strat2-eps-converted-to.pdf>
Package pdftex.def Info: Coup3_strat2-eps-converted-to.pdf  used on input line 
169.
(pdftex.def)             Requested size: 92.47145pt x 92.46889pt.

Overfull \hbox (4.66797pt too wide) has occurred while \output is active
[][] 
 []

[27

]
Package epstopdf Info: Source file: <Coup1_strat2.eps>
(epstopdf)                    date: 2022-08-25 16:24:58
(epstopdf)                    size: 18182 bytes
(epstopdf)             Output file: <Coup1_strat2-eps-converted-to.pdf>
(epstopdf)                    date: 2022-08-25 16:29:32
(epstopdf)                    size: 4151 bytes
(epstopdf)             Command: <repstopdf --outfile=Coup1_strat2-eps-converted
-to.pdf Coup1_strat2.eps>
(epstopdf)             \includegraphics on input line 169.
Package epstopdf Info: Output file is already uptodate.
File: Coup1_strat2-eps-converted-to.pdf Graphic file (type pdf)
<use Coup1_strat2-eps-converted-to.pdf>
Package pdftex.def Info: Coup1_strat2-eps-converted-to.pdf  used on input line 
169.
(pdftex.def)             Requested size: 92.47145pt x 92.46889pt.
Package epstopdf Info: Source file: <Coup2_strat2.eps>
(epstopdf)                    date: 2022-08-25 16:35:28
(epstopdf)                    size: 20099 bytes
(epstopdf)             Output file: <Coup2_strat2-eps-converted-to.pdf>
(epstopdf)                    date: 2022-08-25 16:35:30
(epstopdf)                    size: 4510 bytes
(epstopdf)             Command: <repstopdf --outfile=Coup2_strat2-eps-converted
-to.pdf Coup2_strat2.eps>
(epstopdf)             \includegraphics on input line 169.
Package epstopdf Info: Output file is already uptodate.
File: Coup2_strat2-eps-converted-to.pdf Graphic file (type pdf)
<use Coup2_strat2-eps-converted-to.pdf>
Package pdftex.def Info: Coup2_strat2-eps-converted-to.pdf  used on input line 
169.
(pdftex.def)             Requested size: 92.47145pt x 92.46889pt.
Package epstopdf Info: Source file: <Coup3_strat2.eps>
(epstopdf)                    date: 2022-08-25 16:31:02
(epstopdf)                    size: 17859 bytes
(epstopdf)             Output file: <Coup3_strat2-eps-converted-to.pdf>
(epstopdf)                    date: 2022-08-25 16:31:09
(epstopdf)                    size: 4069 bytes
(epstopdf)             Command: <repstopdf --outfile=Coup3_strat2-eps-converted
-to.pdf Coup3_strat2.eps>
(epstopdf)             \includegraphics on input line 169.
Package epstopdf Info: Output file is already uptodate.
File: Coup3_strat2-eps-converted-to.pdf Graphic file (type pdf)
<use Coup3_strat2-eps-converted-to.pdf>
Package pdftex.def Info: Coup3_strat2-eps-converted-to.pdf  used on input line 
169.
(pdftex.def)             Requested size: 92.47145pt x 92.46889pt.

Overfull \hbox (4.66797pt too wide) has occurred while \output is active
[][] 
 []

[28

]
Missing character: There is no ; in font nullfont!

Overfull \hbox (4.66797pt too wide) has occurred while \output is active
[][] 
 []

[29

]
Missing character: There is no ; in font nullfont!

Overfull \hbox (4.66797pt too wide) has occurred while \output is active
[][] 
 []

[30

]
Overfull \hbox (4.66797pt too wide) has occurred while \output is active
[][] 
 []

[31

]
Overfull \hbox (4.66797pt too wide) has occurred while \output is active
[][] 
 []

[32

]
Overfull \hbox (4.66797pt too wide) has occurred while \output is active
[][] 
 []

[33

]
Overfull \hbox (4.66797pt too wide) has occurred while \output is active
[][] 
 []

[34

]
Overfull \hbox (4.66797pt too wide) has occurred while \output is active
[][] 
 []

[35

]
Overfull \hbox (4.66797pt too wide) has occurred while \output is active
[][] 
 []

[36

]
Overfull \hbox (4.66797pt too wide) has occurred while \output is active
[][] 
 []

[37

]
Overfull \hbox (4.66797pt too wide) has occurred while \output is active
[][] 
 []

[38

]
Overfull \hbox (4.66797pt too wide) has occurred while \output is active
[][] 
 []

[39

]
Overfull \hbox (4.66797pt too wide) has occurred while \output is active
[][] 
 []

[40

]
Overfull \hbox (4.66797pt too wide) has occurred while \output is active
[][] 
 []

[41

]
<Screenshot.png, id=1170, 765.86125pt x 268.00125pt>
File: Screenshot.png Graphic file (type png)
<use Screenshot.png>
Package pdftex.def Info: Screenshot.png  used on input line 269.
(pdftex.def)             Requested size: 284.52756pt x 99.56784pt.

Overfull \hbox (4.66797pt too wide) has occurred while \output is active
[][] 
 []

[42

 <./Screenshot.png>]
File: Screenshot.png Graphic file (type png)
<use Screenshot.png>
Package pdftex.def Info: Screenshot.png  used on input line 269.
(pdftex.def)             Requested size: 284.52756pt x 99.56784pt.

Overfull \hbox (4.66797pt too wide) has occurred while \output is active
[][] 
 []

[43

]
File: Screenshot.png Graphic file (type png)
<use Screenshot.png>
Package pdftex.def Info: Screenshot.png  used on input line 269.
(pdftex.def)             Requested size: 284.52756pt x 99.56784pt.

Overfull \hbox (4.66797pt too wide) has occurred while \output is active
[][] 
 []

[44

]
Package epstopdf Info: Source file: <presonal_example_synch.eps>
(epstopdf)                    date: 2022-08-25 18:25:12
(epstopdf)                    size: 17059 bytes
(epstopdf)             Output file: <presonal_example_synch-eps-converted-to.pd
f>
(epstopdf)                    date: 2022-08-25 18:25:14
(epstopdf)                    size: 7347 bytes
(epstopdf)             Command: <repstopdf --outfile=presonal_example_synch-eps
-converted-to.pdf presonal_example_synch.eps>
(epstopdf)             \includegraphics on input line 279.
Package epstopdf Info: Output file is already uptodate.
<presonal_example_synch-eps-converted-to.pdf, id=1251, 747.79375pt x 311.1625pt
>
File: presonal_example_synch-eps-converted-to.pdf Graphic file (type pdf)
<use presonal_example_synch-eps-converted-to.pdf>
Package pdftex.def Info: presonal_example_synch-eps-converted-to.pdf  used on i
nput line 279.
(pdftex.def)             Requested size: 199.16928pt x 82.87549pt.

Overfull \hbox (4.66797pt too wide) has occurred while \output is active
[][] 
 []

[45

 <./presonal_example_synch-eps-converted-to.pdf>]
Package epstopdf Info: Source file: <presonal_example_synch.eps>
(epstopdf)                    date: 2022-08-25 18:25:12
(epstopdf)                    size: 17059 bytes
(epstopdf)             Output file: <presonal_example_synch-eps-converted-to.pd
f>
(epstopdf)                    date: 2022-08-25 18:25:14
(epstopdf)                    size: 7347 bytes
(epstopdf)             Command: <repstopdf --outfile=presonal_example_synch-eps
-converted-to.pdf presonal_example_synch.eps>
(epstopdf)             \includegraphics on input line 279.
Package epstopdf Info: Output file is already uptodate.
File: presonal_example_synch-eps-converted-to.pdf Graphic file (type pdf)
<use presonal_example_synch-eps-converted-to.pdf>
Package pdftex.def Info: presonal_example_synch-eps-converted-to.pdf  used on i
nput line 279.
(pdftex.def)             Requested size: 199.16928pt x 82.87549pt.

Overfull \hbox (4.66797pt too wide) has occurred while \output is active
[][] 
 []

[46

]
Package epstopdf Info: Source file: <presonal_example_synch.eps>
(epstopdf)                    date: 2022-08-25 18:25:12
(epstopdf)                    size: 17059 bytes
(epstopdf)             Output file: <presonal_example_synch-eps-converted-to.pd
f>
(epstopdf)                    date: 2022-08-25 18:25:14
(epstopdf)                    size: 7347 bytes
(epstopdf)             Command: <repstopdf --outfile=presonal_example_synch-eps
-converted-to.pdf presonal_example_synch.eps>
(epstopdf)             \includegraphics on input line 279.
Package epstopdf Info: Output file is already uptodate.
File: presonal_example_synch-eps-converted-to.pdf Graphic file (type pdf)
<use presonal_example_synch-eps-converted-to.pdf>
Package pdftex.def Info: presonal_example_synch-eps-converted-to.pdf  used on i
nput line 279.
(pdftex.def)             Requested size: 199.16928pt x 82.87549pt.

Overfull \hbox (4.66797pt too wide) has occurred while \output is active
[][] 
 []

[47

]
Package epstopdf Info: Source file: <presonal_example_synch2.eps>
(epstopdf)                    date: 2022-08-25 18:30:13
(epstopdf)                    size: 16498 bytes
(epstopdf)             Output file: <presonal_example_synch2-eps-converted-to.p
df>
(epstopdf)                    date: 2022-08-25 18:31:24
(epstopdf)                    size: 7231 bytes
(epstopdf)             Command: <repstopdf --outfile=presonal_example_synch2-ep
s-converted-to.pdf presonal_example_synch2.eps>
(epstopdf)             \includegraphics on input line 292.
Package epstopdf Info: Output file is already uptodate.
<presonal_example_synch2-eps-converted-to.pdf, id=1333, 734.745pt x 269.005pt>
File: presonal_example_synch2-eps-converted-to.pdf Graphic file (type pdf)
<use presonal_example_synch2-eps-converted-to.pdf>
Package pdftex.def Info: presonal_example_synch2-eps-converted-to.pdf  used on 
input line 292.
(pdftex.def)             Requested size: 199.16928pt x 72.91963pt.

Overfull \hbox (4.66797pt too wide) has occurred while \output is active
[][] 
 []

[48

 <./presonal_example_synch2-eps-converted-to.pdf>]
Package epstopdf Info: Source file: <presonal_example_synch2.eps>
(epstopdf)                    date: 2022-08-25 18:30:13
(epstopdf)                    size: 16498 bytes
(epstopdf)             Output file: <presonal_example_synch2-eps-converted-to.p
df>
(epstopdf)                    date: 2022-08-25 18:31:24
(epstopdf)                    size: 7231 bytes
(epstopdf)             Command: <repstopdf --outfile=presonal_example_synch2-ep
s-converted-to.pdf presonal_example_synch2.eps>
(epstopdf)             \includegraphics on input line 292.
Package epstopdf Info: Output file is already uptodate.
File: presonal_example_synch2-eps-converted-to.pdf Graphic file (type pdf)
<use presonal_example_synch2-eps-converted-to.pdf>
Package pdftex.def Info: presonal_example_synch2-eps-converted-to.pdf  used on 
input line 292.
(pdftex.def)             Requested size: 199.16928pt x 72.91963pt.

Overfull \hbox (4.66797pt too wide) has occurred while \output is active
[][] 
 []

[49

]
Package epstopdf Info: Source file: <presonal_example_synch2.eps>
(epstopdf)                    date: 2022-08-25 18:30:13
(epstopdf)                    size: 16498 bytes
(epstopdf)             Output file: <presonal_example_synch2-eps-converted-to.p
df>
(epstopdf)                    date: 2022-08-25 18:31:24
(epstopdf)                    size: 7231 bytes
(epstopdf)             Command: <repstopdf --outfile=presonal_example_synch2-ep
s-converted-to.pdf presonal_example_synch2.eps>
(epstopdf)             \includegraphics on input line 292.
Package epstopdf Info: Output file is already uptodate.
File: presonal_example_synch2-eps-converted-to.pdf Graphic file (type pdf)
<use presonal_example_synch2-eps-converted-to.pdf>
Package pdftex.def Info: presonal_example_synch2-eps-converted-to.pdf  used on 
input line 292.
(pdftex.def)             Requested size: 199.16928pt x 72.91963pt.

Overfull \hbox (4.66797pt too wide) has occurred while \output is active
[][] 
 []

[50

]
Package epstopdf Info: Source file: <presonal_example_synch2.eps>
(epstopdf)                    date: 2022-08-25 18:30:13
(epstopdf)                    size: 16498 bytes
(epstopdf)             Output file: <presonal_example_synch2-eps-converted-to.p
df>
(epstopdf)                    date: 2022-08-25 18:31:24
(epstopdf)                    size: 7231 bytes
(epstopdf)             Command: <repstopdf --outfile=presonal_example_synch2-ep
s-converted-to.pdf presonal_example_synch2.eps>
(epstopdf)             \includegraphics on input line 292.
Package epstopdf Info: Output file is already uptodate.
File: presonal_example_synch2-eps-converted-to.pdf Graphic file (type pdf)
<use presonal_example_synch2-eps-converted-to.pdf>
Package pdftex.def Info: presonal_example_synch2-eps-converted-to.pdf  used on 
input line 292.
(pdftex.def)             Requested size: 199.16928pt x 72.91963pt.

Overfull \hbox (4.66797pt too wide) has occurred while \output is active
[][] 
 []

[51

]
Overfull \hbox (4.66797pt too wide) has occurred while \output is active
[][] 
 []

[52

]
Overfull \hbox (4.66797pt too wide) has occurred while \output is active
[][] 
 []

[53

]pdfTeX warning (ext4): destination with the same identifier (name{label-figure
3}) has been already used, duplicate ignored
<to be read again> 
                   \relax 
l.339 \end{frame}
                 
Package epstopdf Info: Source file: <Diagram2.eps>
(epstopdf)                    date: 2022-08-08 16:00:15
(epstopdf)                    size: 25071 bytes
(epstopdf)             Output file: <Diagram2-eps-converted-to.pdf>
(epstopdf)                    date: 2022-08-08 16:01:31
(epstopdf)                    size: 12473 bytes
(epstopdf)             Command: <repstopdf --outfile=Diagram2-eps-converted-to.
pdf Diagram2.eps>
(epstopdf)             \includegraphics on input line 339.
Package epstopdf Info: Output file is already uptodate.
<Diagram2-eps-converted-to.pdf, id=1494, 520.94624pt x 417.56pt>
File: Diagram2-eps-converted-to.pdf Graphic file (type pdf)
<use Diagram2-eps-converted-to.pdf>
Package pdftex.def Info: Diagram2-eps-converted-to.pdf  used on input line 339.

(pdftex.def)             Requested size: 142.26378pt x 114.02972pt.

Overfull \hbox (4.66797pt too wide) has occurred while \output is active
[][] 
 []

[54

 <./Diagram2-eps-converted-to.pdf>]
Overfull \hbox (4.66797pt too wide) has occurred while \output is active
[][] 
 []

[55

]
Overfull \hbox (4.66797pt too wide) has occurred while \output is active
[][] 
 []

[56

]
Overfull \hbox (4.66797pt too wide) has occurred while \output is active
[][] 
 []

[57

]
Overfull \hbox (4.66797pt too wide) has occurred while \output is active
[][] 
 []

[58

]
Overfull \hbox (4.66797pt too wide) has occurred while \output is active
[][] 
 []

[59

]
Overfull \hbox (4.66797pt too wide) has occurred while \output is active
[][] 
 []

[60

]
Overfull \hbox (4.66797pt too wide) has occurred while \output is active
[][] 
 []

[61

]
Overfull \hbox (4.66797pt too wide) has occurred while \output is active
[][] 
 []

[62

]
Overfull \hbox (4.66797pt too wide) has occurred while \output is active
[][] 
 []

[63

]
Overfull \vbox (4.63783pt too high) detected at line 390
 []


Overfull \hbox (4.66797pt too wide) has occurred while \output is active
[][] 
 []

[64

]
Overfull \vbox (4.63783pt too high) detected at line 390
 []


Overfull \hbox (4.66797pt too wide) has occurred while \output is active
[][] 
 []

[65

]
Overfull \vbox (4.63783pt too high) detected at line 390
 []


Overfull \hbox (4.66797pt too wide) has occurred while \output is active
[][] 
 []

[66

]
Overfull \vbox (4.63783pt too high) detected at line 390
 []


Overfull \hbox (4.66797pt too wide) has occurred while \output is active
[][] 
 []

[67

]
Overfull \vbox (4.63783pt too high) detected at line 390
 []


Overfull \hbox (4.66797pt too wide) has occurred while \output is active
[][] 
 []

[68

]
Overfull \vbox (4.63783pt too high) detected at line 390
 []


Overfull \hbox (4.66797pt too wide) has occurred while \output is active
[][] 
 []

[69

]
Overfull \vbox (4.63783pt too high) detected at line 390
 []


Overfull \hbox (4.66797pt too wide) has occurred while \output is active
[][] 
 []

[70

]
Overfull \hbox (4.66797pt too wide) has occurred while \output is active
[][] 
 []

[71

]
Overfull \hbox (4.66797pt too wide) has occurred while \output is active
[][] 
 []

[72

]
Overfull \vbox (4.63783pt too high) detected at line 424
 []


Overfull \hbox (4.66797pt too wide) has occurred while \output is active
[][] 
 []

[73

]
Overfull \vbox (4.63783pt too high) detected at line 424
 []


Overfull \hbox (4.66797pt too wide) has occurred while \output is active
[][] 
 []

[74

]
Overfull \vbox (4.63783pt too high) detected at line 424
 []


Overfull \hbox (4.66797pt too wide) has occurred while \output is active
[][] 
 []

[75

]
Overfull \vbox (4.63783pt too high) detected at line 424
 []


Overfull \hbox (4.66797pt too wide) has occurred while \output is active
[][] 
 []

[76

]
Overfull \vbox (4.63783pt too high) detected at line 424
 []


Overfull \hbox (4.66797pt too wide) has occurred while \output is active
[][] 
 []

[77

]
Overfull \vbox (4.63783pt too high) detected at line 424
 []


Overfull \hbox (4.66797pt too wide) has occurred while \output is active
[][] 
 []

[78

]
Overfull \vbox (4.63783pt too high) detected at line 424
 []


Overfull \hbox (4.66797pt too wide) has occurred while \output is active
[][] 
 []

[79

]
Overfull \hbox (4.66797pt too wide) has occurred while \output is active
[][] 
 []

[80

]
Overfull \hbox (4.66797pt too wide) has occurred while \output is active
[][] 
 []

[81

]
Overfull \hbox (4.66797pt too wide) has occurred while \output is active
[][] 
 []

[82

]
Overfull \hbox (4.66797pt too wide) has occurred while \output is active
[][] 
 []

[83

]
\tf@nav=\write7
\openout7 = `soutenance.nav'.

\tf@toc=\write8
\openout8 = `soutenance.toc'.

\tf@snm=\write9
\openout9 = `soutenance.snm'.

Package minitoc Info: I0009
(minitoc)             Listing minitoc auxiliary files. 
(minitoc)             Creating the soutenance.maf file.
\openout5 = `soutenance.maf'.

Package minitoc(hints) Info: I0019
(minitoc(hints))             No hints have been written 
(minitoc(hints))             in the soutenance.log file..
Package atveryend Info: Empty hook `BeforeClearDocument' on input line 450.
Package atveryend Info: Empty hook `AfterLastShipout' on input line 450.
 (./soutenance.aux)
Package atveryend Info: Executing hook `AtVeryEndDocument' on input line 450.
Package atveryend Info: Executing hook `AtEndAfterFileList' on input line 450.
Package rerunfilecheck Info: File `soutenance.out' has not changed.
(rerunfilecheck)             Checksum: D41D8CD98F00B204E9800998ECF8427E;0.


LaTeX Font Warning: Some font shapes were not available, defaults substituted.


LaTeX Warning: There were multiply-defined labels.

 ) 
Here is how much of TeX's memory you used:
 28677 strings out of 481239
 577951 string characters out of 5920377
 908971 words of memory out of 5000000
 42919 multiletter control sequences out of 15000+600000
 544307 words of font info for 67 fonts, out of 8000000 for 9000
 1141 hyphenation exceptions out of 8191
 58i,16n,86p,779b,1053s stack positions out of 5000i,500n,10000p,200000b,80000s
pdfTeX warning (dest): name{Navigation84} has been referenced but does not ex
ist, replaced by a fixed one

</usr/share/texlive/texmf-dist/fonts/type1/public/amsfonts/cm/cmcsc10.pfb></usr
/share/texlive/texmf-dist/fonts/type1/public/amsfonts/cm/cmex10.pfb></usr/share
/texlive/texmf-dist/fonts/type1/public/amsfonts/cm/cmmi10.pfb></usr/share/texli
ve/texmf-dist/fonts/type1/public/amsfonts/cm/cmmi8.pfb></usr/share/texlive/texm
f-dist/fonts/type1/public/amsfonts/cm/cmss10.pfb></usr/share/texlive/texmf-dist
/fonts/type1/public/amsfonts/cm/cmss12.pfb></usr/share/texlive/texmf-dist/fonts
/type1/public/amsfonts/cm/cmss8.pfb></usr/share/texlive/texmf-dist/fonts/type1/
public/amsfonts/cm/cmss9.pfb></usr/share/texlive/texmf-dist/fonts/type1/public/
amsfonts/cm/cmssbx10.pfb></usr/share/texlive/texmf-dist/fonts/type1/public/amsf
onts/cm/cmssi10.pfb></usr/share/texlive/texmf-dist/fonts/type1/public/amsfonts/
cm/cmssi8.pfb></usr/share/texlive/texmf-dist/fonts/type1/public/amsfonts/cm/cms
y10.pfb></usr/share/texlive/texmf-dist/fonts/type1/public/amsfonts/cm/cmsy8.pfb
></usr/share/texlive/texmf-dist/fonts/type1/public/amsfonts/cm/cmtt10.pfb></usr
/share/texlive/texmf-dist/fonts/type1/public/amsfonts/symbols/msam10.pfb></usr/
share/texlive/texmf-dist/fonts/type1/public/amsfonts/symbols/msbm10.pfb>
Output written on soutenance.pdf (83 pages, 390365 bytes).
PDF statistics:
 2386 PDF objects out of 2487 (max. 8388607)
 2225 compressed objects within 23 object streams
 176 named destinations out of 1000 (max. 500000)
 204 words of extra memory for PDF output out of 10000 (max. 10000000)

